Using pre-set license
Built from '2022.3/staging' branch; Version is '2022.3.46f1 (8e9b8558c41a) revision 9345925'; Using compiler version '192829333'; Build Type 'Release'
OS: 'Windows 11  (10.0.22631) 64bit Core' Language: 'en' Physical Memory: 7885 MB
BatchMode: 1, IsHumanControllingUs: 0, StartBugReporterOnCrash: 0, Is64bit: 1, IsPro: 1

COMMAND LINE ARGUMENTS:
C:\Program Files\Unity\Hub\Editor\2022.3.46f1\Editor\Unity.exe
-adb2
-batchMode
-noUpm
-name
AssetImportWorker13
-projectPath
C:/Users/Kaho/CA1
-logFile
Logs/AssetImportWorker13.log
-srvPort
50533
Successfully changed project path to: C:/Users/Kaho/CA1
C:/Users/Kaho/CA1
[UnityMemory] Configuration Parameters - Can be set up in boot.config
    "memorysetup-bucket-allocator-granularity=16"
    "memorysetup-bucket-allocator-bucket-count=8"
    "memorysetup-bucket-allocator-block-size=33554432"
    "memorysetup-bucket-allocator-block-count=8"
    "memorysetup-main-allocator-block-size=16777216"
    "memorysetup-thread-allocator-block-size=16777216"
    "memorysetup-gfx-main-allocator-block-size=16777216"
    "memorysetup-gfx-thread-allocator-block-size=16777216"
    "memorysetup-cache-allocator-block-size=4194304"
    "memorysetup-typetree-allocator-block-size=2097152"
    "memorysetup-profiler-bucket-allocator-granularity=16"
    "memorysetup-profiler-bucket-allocator-bucket-count=8"
    "memorysetup-profiler-bucket-allocator-block-size=33554432"
    "memorysetup-profiler-bucket-allocator-block-count=8"
    "memorysetup-profiler-allocator-block-size=16777216"
    "memorysetup-profiler-editor-allocator-block-size=1048576"
    "memorysetup-temp-allocator-size-main=16777216"
    "memorysetup-job-temp-allocator-block-size=2097152"
    "memorysetup-job-temp-allocator-block-size-background=1048576"
    "memorysetup-job-temp-allocator-reduction-small-platforms=262144"
    "memorysetup-allocator-temp-initial-block-size-main=262144"
    "memorysetup-allocator-temp-initial-block-size-worker=262144"
    "memorysetup-temp-allocator-size-background-worker=32768"
    "memorysetup-temp-allocator-size-job-worker=262144"
    "memorysetup-temp-allocator-size-preload-manager=33554432"
    "memorysetup-temp-allocator-size-nav-mesh-worker=65536"
    "memorysetup-temp-allocator-size-audio-worker=65536"
    "memorysetup-temp-allocator-size-cloud-worker=32768"
    "memorysetup-temp-allocator-size-gi-baking-worker=262144"
    "memorysetup-temp-allocator-size-gfx=262144"
Player connection [20888]  Target information:

Player connection [20888]  * "[IP] 192.168.105.215 [Port] 0 [Flags] 2 [Guid] 4189744084 [EditorId] 4189744084 [Version] 1048832 [Id] WindowsEditor(7,KaYe) [Debug] 1 [PackageName] WindowsEditor [ProjectName] Editor" 

Player connection [20888] Host joined multi-casting on [225.0.0.222:54997]...
Player connection [20888] Host joined alternative multi-casting on [225.0.0.222:34997]...
[PhysX] Initialized MultithreadedTaskDispatcher with 12 workers.
Refreshing native plugins compatible for Editor in 50.78 ms, found 3 plugins.
Preloading 0 native plugins for Editor in 0.00 ms.
Initialize engine version: 2022.3.46f1 (8e9b8558c41a)
[Subsystems] Discovering subsystems at path C:/Program Files/Unity/Hub/Editor/2022.3.46f1/Editor/Data/Resources/UnitySubsystems
[Subsystems] Discovering subsystems at path C:/Users/Kaho/CA1/Assets
GfxDevice: creating device client; threaded=0; jobified=0
Direct3D:
    Version:  Direct3D 11.0 [level 11.1]
    Renderer: Intel(R) UHD Graphics (ID=0x4628)
    Vendor:   Intel
    VRAM:     3942 MB
    Driver:   31.0.101.4255
Initialize mono
Mono path[0] = 'C:/Program Files/Unity/Hub/Editor/2022.3.46f1/Editor/Data/Managed'
Mono path[1] = 'C:/Program Files/Unity/Hub/Editor/2022.3.46f1/Editor/Data/MonoBleedingEdge/lib/mono/unityjit-win32'
Mono config path = 'C:/Program Files/Unity/Hub/Editor/2022.3.46f1/Editor/Data/MonoBleedingEdge/etc'
Using monoOptions --debugger-agent=transport=dt_socket,embedding=1,server=y,suspend=n,address=127.0.0.1:56804
Begin MonoManager ReloadAssembly
Registering precompiled unity dll's ...
Register platform support module: C:/Program Files/Unity/Hub/Editor/2022.3.46f1/Editor/Data/PlaybackEngines/WindowsStandaloneSupport/UnityEditor.WindowsStandalone.Extensions.dll
Registered in 0.013368 seconds.
- Loaded All Assemblies, in  1.056 seconds
Native extension for WindowsStandalone target not found
Mono: successfully reloaded assembly
- Finished resetting the current domain, in  0.771 seconds
Domain Reload Profiling: 1825ms
	BeginReloadAssembly (369ms)
		ExecutionOrderSort (0ms)
		DisableScriptedObjects (0ms)
		BackupInstance (0ms)
		ReleaseScriptingObjects (0ms)
		CreateAndSetChildDomain (8ms)
	RebuildCommonClasses (95ms)
	RebuildNativeTypeToScriptingClass (18ms)
	initialDomainReloadingComplete (173ms)
	LoadAllAssembliesAndSetupDomain (397ms)
		LoadAssemblies (358ms)
		RebuildTransferFunctionScriptingTraits (0ms)
		AnalyzeDomain (380ms)
			TypeCache.Refresh (374ms)
				TypeCache.ScanAssembly (335ms)
			ScanForSourceGeneratedMonoScriptInfo (0ms)
			ResolveRequiredComponents (2ms)
	FinalizeReload (772ms)
		ReleaseScriptCaches (0ms)
		RebuildScriptCaches (0ms)
		SetupLoadedEditorAssemblies (650ms)
			LogAssemblyErrors (0ms)
			InitializePlatformSupportModulesInManaged (36ms)
			SetLoadedEditorAssemblies (26ms)
			RefreshPlugins (0ms)
			BeforeProcessingInitializeOnLoad (4ms)
			ProcessInitializeOnLoadAttributes (435ms)
			ProcessInitializeOnLoadMethodAttributes (148ms)
			AfterProcessingInitializeOnLoad (0ms)
			EditorAssembliesLoaded (0ms)
		ExecutionOrderSort2 (0ms)
		AwakeInstancesAfterBackupRestoration (0ms)
========================================================================
Worker process is ready to serve import requests
Caller must complete domain reload
Begin MonoManager ReloadAssembly
- Loaded All Assemblies, in  1.570 seconds
Native extension for WindowsStandalone target not found
Package Manager log level set to [2]
[Package Manager] Server::EnsureServerProcessIsRunning -- launch failed, reason: Unity was launched with the -noUpm command-line argument
[Package Manager] UpmClient::Send -- Unable to send message (not connected to UPM process).
[Package Manager] Cannot connect to Unity Package Manager local server
Mono: successfully reloaded assembly
- Finished resetting the current domain, in  1.819 seconds
Domain Reload Profiling: 3386ms
	BeginReloadAssembly (327ms)
		ExecutionOrderSort (0ms)
		DisableScriptedObjects (8ms)
		BackupInstance (0ms)
		ReleaseScriptingObjects (0ms)
		CreateAndSetChildDomain (64ms)
	RebuildCommonClasses (55ms)
	RebuildNativeTypeToScriptingClass (20ms)
	initialDomainReloadingComplete (84ms)
	LoadAllAssembliesAndSetupDomain (1080ms)
		LoadAssemblies (787ms)
		RebuildTransferFunctionScriptingTraits (0ms)
		AnalyzeDomain (474ms)
			TypeCache.Refresh (361ms)
				TypeCache.ScanAssembly (328ms)
			ScanForSourceGeneratedMonoScriptInfo (85ms)
			ResolveRequiredComponents (25ms)
	FinalizeReload (1820ms)
		ReleaseScriptCaches (0ms)
		RebuildScriptCaches (0ms)
		SetupLoadedEditorAssemblies (1460ms)
			LogAssemblyErrors (0ms)
			InitializePlatformSupportModulesInManaged (12ms)
			SetLoadedEditorAssemblies (4ms)
			RefreshPlugins (0ms)
			BeforeProcessingInitializeOnLoad (107ms)
			ProcessInitializeOnLoadAttributes (1206ms)
			ProcessInitializeOnLoadMethodAttributes (101ms)
			AfterProcessingInitializeOnLoad (27ms)
			EditorAssembliesLoaded (1ms)
		ExecutionOrderSort2 (0ms)
		AwakeInstancesAfterBackupRestoration (28ms)
Launched and connected shader compiler UnityShaderCompiler.exe after 0.16 seconds
Refreshing native plugins compatible for Editor in 18.15 ms, found 3 plugins.
Preloading 0 native plugins for Editor in 0.00 ms.
Unloading 3266 Unused Serialized files (Serialized files now loaded: 0)
Unloading 21 unused Assets / (376.6 KB). Loaded Objects now: 3766.
Memory consumption went from 146.6 MB to 146.2 MB.
Total: 41.874000 ms (FindLiveObjects: 2.327100 ms CreateObjectMapping: 1.021100 ms MarkObjects: 10.300700 ms  DeleteObjects: 28.209200 ms)

AssetImportParameters requested are different than current active one (requested -> active):
  custom:container-demuxer-ogg: 62fdf1f143b41e24485cea50d1cbac27 -> 
  custom:scripting/monoscript/fileName/ExplosionPhysicsForce.cs: 43a2cbc4b7805ea1d00e9b25a4f23a5c -> 99c9bdd3f4711349ea008cc9307354fc
  custom:scripting/monoscript/fileName/SmokeParticles.cs: 965c7beea8e5e7b36429c7dbb4e8a73a -> ae0be802c38d22b76b13deaf32e6b2fa
  custom:video-decoder-ogg-theora: a1e56fd34408186e4bbccfd4996cb3dc -> 
  custom:framework-win-MediaFoundation: 216162199b28c13a410421893ffa2e32 -> 
  custom:scripting/monoscript/fileName/ExtinguishableParticleSystem.cs: 113f8d78b910435e98d9a70bff84f18b -> f8b7119b76e142217ea59caecee08c2d
  custom:CustomObjectIndexerAttribute: 9a22284fe3817be447336de3de66b15e -> 
  custom:container-demuxer-webm: 4f35f7cbe854078d1ac9338744f61a02 -> 
  custom:container-muxer-webm: aa71ff27fc2769a1b78a27578f13a17b -> 
  custom:scripting/monoscript/fileName/ParticleSystemMultiplier.cs: 73e258f149fc72ee6db83a0694cdf954 -> ee9356afc1edd7a7e964bbfaae218d2b
  custom:scripting/monoscript/fileName/Explosive.cs: e75769bd79cff06e2c2c727b5fa241ec -> 3828d6083bb1809dd6ceb0774cff30bf
  custom:video-decoder-webm-vp8: 9c59270c3fd7afecdb556c50c9e8de78 -> 
  custom:SearchIndexIgnoredProperties: e643bd26f0fe6173181afceb89e7c659 -> 
  custom:AudioImporter_EditorPlatform: d09bf68614088b80899f8185d706f6e7 -> 
  custom:scripting/monoscript/fileName/ExplosionFireAndDebris.cs: 50c491679126ebbea3deebc5c25381a4 -> 9c578ebda2ad3c3c3c6c44dce65093e0
  custom:scripting/monoscript/fileName/WaterHoseParticles.cs: c7c0c21d9ffe73d0996d1037b61400a2 -> 86c1b8c19be690fb9367e984ca7a0ab7
  custom:video-encoder-webm-vp8: eb34c28f22e8b96e1ab97ce403110664 -> 
  custom:audio-decoder-ogg-vorbis: bf7c407c2cedff20999df2af8eb42d56 -> 
  custom:scripting/monoscript/fileName/AfterburnerPhysicsForce.cs: 49a61f40a17b98cc369e513889adc4cf -> ea1d2e5ce75d184b47ac9cdb79411e01
  custom:scripting/monoscript/fileName/FireLight.cs: f7b54493553ff0cc1bcc16f06faa5bbd -> b4b66c362b883eb58d7e52f4922a19fc
  custom:audio-encoder-webm-vorbis: bf7c407c2cedff20999df2af8eb42d56 -> 
  custom:scripting/monoscript/fileName/Hose.cs: 41b4c7a6063e80327d0361f2c0ff9df8 -> 1d1751f4f603bc707cbfbd006a3e319e
========================================================================
Received Import Request.
  Time since last request: 10451.903133 seconds.
  path: Assets/Standard Assets/Standard Assets/ParticleSystems/Prefabs/Hose.prefab
  artifactKey: Guid(fae5d333f43a55744ab0c44fecefdcae) Importer(815301076,1909f56bfc062723c751e8b465ee728b)
Start importing Assets/Standard Assets/Standard Assets/ParticleSystems/Prefabs/Hose.prefab using Guid(fae5d333f43a55744ab0c44fecefdcae) Importer(815301076,1909f56bfc062723c751e8b465ee728b) [PhysX] Initialized MultithreadedTaskDispatcher with 12 workers.
[PhysX] Initialized MultithreadedTaskDispatcher with 12 workers.
 -> (artifact id: '1aa3385b3da64cbe0773e7dd0ceab551') in 0.229415 seconds
Number of updated asset objects reloaded before import = 0
Number of asset objects unloaded after import = 33
========================================================================
Received Import Request.
  Time since last request: 13.929810 seconds.
  path: Assets/Stylized_Pirate_Ship/StylShip_Cannon.prefab
  artifactKey: Guid(78a33966cc5639b4387c905a99a39d65) Importer(815301076,1909f56bfc062723c751e8b465ee728b)
Start importing Assets/Stylized_Pirate_Ship/StylShip_Cannon.prefab using Guid(78a33966cc5639b4387c905a99a39d65) Importer(815301076,1909f56bfc062723c751e8b465ee728b) [PhysX] Initialized MultithreadedTaskDispatcher with 12 workers.
[PhysX] Initialized MultithreadedTaskDispatcher with 12 workers.
 -> (artifact id: '684d35d579d3d9e6c233336f15362322') in 0.635805 seconds
Number of updated asset objects reloaded before import = 0
Number of asset objects unloaded after import = 13
========================================================================
Received Import Request.
  Time since last request: 0.000067 seconds.
  path: Assets/Stylized_Pirate_Ship/StylShip_Unity.prefab
  artifactKey: Guid(a1dcd447bfbb3bc45821f8b436c031d2) Importer(815301076,1909f56bfc062723c751e8b465ee728b)
Start importing Assets/Stylized_Pirate_Ship/StylShip_Unity.prefab using Guid(a1dcd447bfbb3bc45821f8b436c031d2) Importer(815301076,1909f56bfc062723c751e8b465ee728b) [PhysX] Initialized MultithreadedTaskDispatcher with 12 workers.
[PhysX] Initialized MultithreadedTaskDispatcher with 12 workers.
 -> (artifact id: '2edc81ae8876e1ea27b7f5b9dad9cbb6') in 1.201738 seconds
Number of updated asset objects reloaded before import = 0
Number of asset objects unloaded after import = 288
========================================================================
Received Prepare
Caller must complete domain reload
Begin MonoManager ReloadAssembly
- Loaded All Assemblies, in  2.448 seconds
Native extension for WindowsStandalone target not found
[Package Manager] Server::EnsureServerProcessIsRunning -- launch failed, reason: Unity was launched with the -noUpm command-line argument
[Package Manager] UpmClient::Send -- Unable to send message (not connected to UPM process).
[Package Manager] Cannot connect to Unity Package Manager local server
Mono: successfully reloaded assembly
- Finished resetting the current domain, in 12.868 seconds
Domain Reload Profiling: 15320ms
	BeginReloadAssembly (470ms)
		ExecutionOrderSort (0ms)
		DisableScriptedObjects (5ms)
		BackupInstance (0ms)
		ReleaseScriptingObjects (1ms)
		CreateAndSetChildDomain (206ms)
	RebuildCommonClasses (50ms)
	RebuildNativeTypeToScriptingClass (16ms)
	initialDomainReloadingComplete (53ms)
	LoadAllAssembliesAndSetupDomain (1858ms)
		LoadAssemblies (1913ms)
		RebuildTransferFunctionScriptingTraits (0ms)
		AnalyzeDomain (125ms)
			TypeCache.Refresh (70ms)
				TypeCache.ScanAssembly (0ms)
			ScanForSourceGeneratedMonoScriptInfo (1ms)
			ResolveRequiredComponents (47ms)
	FinalizeReload (12873ms)
		ReleaseScriptCaches (0ms)
		RebuildScriptCaches (0ms)
		SetupLoadedEditorAssemblies (3388ms)
			LogAssemblyErrors (0ms)
			InitializePlatformSupportModulesInManaged (48ms)
			SetLoadedEditorAssemblies (33ms)
			RefreshPlugins (0ms)
			BeforeProcessingInitializeOnLoad (347ms)
			ProcessInitializeOnLoadAttributes (2750ms)
			ProcessInitializeOnLoadMethodAttributes (182ms)
			AfterProcessingInitializeOnLoad (24ms)
			EditorAssembliesLoaded (3ms)
		ExecutionOrderSort2 (0ms)
		AwakeInstancesAfterBackupRestoration (42ms)
Refreshing native plugins compatible for Editor in 53.65 ms, found 3 plugins.
Preloading 0 native plugins for Editor in 0.00 ms.
Unloading 3226 Unused Serialized files (Serialized files now loaded: 0)
Unloading 17 unused Assets / (381.2 KB). Loaded Objects now: 3777.
Memory consumption went from 144.7 MB to 144.3 MB.
Total: 49.270600 ms (FindLiveObjects: 2.697800 ms CreateObjectMapping: 2.348300 ms MarkObjects: 39.646400 ms  DeleteObjects: 4.567700 ms)

Prepare: number of updated asset objects reloaded= 0
AssetImportParameters requested are different than current active one (requested -> active):
  custom:container-demuxer-ogg: 62fdf1f143b41e24485cea50d1cbac27 -> 
  custom:scripting/monoscript/fileName/ExplosionPhysicsForce.cs: 43a2cbc4b7805ea1d00e9b25a4f23a5c -> 99c9bdd3f4711349ea008cc9307354fc
  custom:scripting/monoscript/fileName/SmokeParticles.cs: 965c7beea8e5e7b36429c7dbb4e8a73a -> ae0be802c38d22b76b13deaf32e6b2fa
  custom:video-decoder-ogg-theora: a1e56fd34408186e4bbccfd4996cb3dc -> 
  custom:framework-win-MediaFoundation: 216162199b28c13a410421893ffa2e32 -> 
  custom:scripting/monoscript/fileName/ExtinguishableParticleSystem.cs: 113f8d78b910435e98d9a70bff84f18b -> f8b7119b76e142217ea59caecee08c2d
  custom:CustomObjectIndexerAttribute: 9a22284fe3817be447336de3de66b15e -> 
  custom:container-demuxer-webm: 4f35f7cbe854078d1ac9338744f61a02 -> 
  custom:container-muxer-webm: aa71ff27fc2769a1b78a27578f13a17b -> 
  custom:scripting/monoscript/fileName/ParticleSystemMultiplier.cs: 73e258f149fc72ee6db83a0694cdf954 -> ee9356afc1edd7a7e964bbfaae218d2b
  custom:scripting/monoscript/fileName/Explosive.cs: e75769bd79cff06e2c2c727b5fa241ec -> 3828d6083bb1809dd6ceb0774cff30bf
  custom:video-decoder-webm-vp8: 9c59270c3fd7afecdb556c50c9e8de78 -> 
  custom:SearchIndexIgnoredProperties: e643bd26f0fe6173181afceb89e7c659 -> 
  custom:AudioImporter_EditorPlatform: d09bf68614088b80899f8185d706f6e7 -> 
  custom:scripting/monoscript/fileName/ExplosionFireAndDebris.cs: 50c491679126ebbea3deebc5c25381a4 -> 9c578ebda2ad3c3c3c6c44dce65093e0
  custom:scripting/monoscript/fileName/WaterHoseParticles.cs: c7c0c21d9ffe73d0996d1037b61400a2 -> 86c1b8c19be690fb9367e984ca7a0ab7
  custom:video-encoder-webm-vp8: eb34c28f22e8b96e1ab97ce403110664 -> 
  custom:audio-decoder-ogg-vorbis: bf7c407c2cedff20999df2af8eb42d56 -> 
  custom:scripting/monoscript/fileName/AfterburnerPhysicsForce.cs: 49a61f40a17b98cc369e513889adc4cf -> ea1d2e5ce75d184b47ac9cdb79411e01
  custom:scripting/monoscript/fileName/FireLight.cs: f7b54493553ff0cc1bcc16f06faa5bbd -> b4b66c362b883eb58d7e52f4922a19fc
  custom:audio-encoder-webm-vorbis: bf7c407c2cedff20999df2af8eb42d56 -> 
  custom:scripting/monoscript/fileName/Hose.cs: 41b4c7a6063e80327d0361f2c0ff9df8 -> 1d1751f4f603bc707cbfbd006a3e319e
========================================================================
Received Prepare
Caller must complete domain reload
Begin MonoManager ReloadAssembly
- Loaded All Assemblies, in  1.214 seconds
Native extension for WindowsStandalone target not found
[Package Manager] Server::EnsureServerProcessIsRunning -- launch failed, reason: Unity was launched with the -noUpm command-line argument
[Package Manager] UpmClient::Send -- Unable to send message (not connected to UPM process).
[Package Manager] Cannot connect to Unity Package Manager local server
Mono: successfully reloaded assembly
- Finished resetting the current domain, in 15.183 seconds
Domain Reload Profiling: 16398ms
	BeginReloadAssembly (336ms)
		ExecutionOrderSort (0ms)
		DisableScriptedObjects (11ms)
		BackupInstance (0ms)
		ReleaseScriptingObjects (0ms)
		CreateAndSetChildDomain (68ms)
	RebuildCommonClasses (50ms)
	RebuildNativeTypeToScriptingClass (16ms)
	initialDomainReloadingComplete (48ms)
	LoadAllAssembliesAndSetupDomain (761ms)
		LoadAssemblies (938ms)
		RebuildTransferFunctionScriptingTraits (0ms)
		AnalyzeDomain (24ms)
			TypeCache.Refresh (11ms)
				TypeCache.ScanAssembly (0ms)
			ScanForSourceGeneratedMonoScriptInfo (0ms)
			ResolveRequiredComponents (9ms)
	FinalizeReload (15188ms)
		ReleaseScriptCaches (0ms)
		RebuildScriptCaches (0ms)
		SetupLoadedEditorAssemblies (3119ms)
			LogAssemblyErrors (0ms)
			InitializePlatformSupportModulesInManaged (55ms)
			SetLoadedEditorAssemblies (18ms)
			RefreshPlugins (0ms)
			BeforeProcessingInitializeOnLoad (369ms)
			ProcessInitializeOnLoadAttributes (2500ms)
			ProcessInitializeOnLoadMethodAttributes (153ms)
			AfterProcessingInitializeOnLoad (24ms)
			EditorAssembliesLoaded (0ms)
		ExecutionOrderSort2 (0ms)
		AwakeInstancesAfterBackupRestoration (50ms)
Refreshing native plugins compatible for Editor in 62.46 ms, found 3 plugins.
Preloading 0 native plugins for Editor in 0.00 ms.
Unloading 3227 Unused Serialized files (Serialized files now loaded: 0)
Unloading 16 unused Assets / (349.1 KB). Loaded Objects now: 3780.
Memory consumption went from 144.9 MB to 144.6 MB.
Total: 17.966200 ms (FindLiveObjects: 2.746500 ms CreateObjectMapping: 1.215600 ms MarkObjects: 11.902300 ms  DeleteObjects: 2.090500 ms)

Prepare: number of updated asset objects reloaded= 0
AssetImportParameters requested are different than current active one (requested -> active):
  custom:container-demuxer-ogg: 62fdf1f143b41e24485cea50d1cbac27 -> 
  custom:scripting/monoscript/fileName/ExplosionPhysicsForce.cs: 43a2cbc4b7805ea1d00e9b25a4f23a5c -> 99c9bdd3f4711349ea008cc9307354fc
  custom:scripting/monoscript/fileName/SmokeParticles.cs: 965c7beea8e5e7b36429c7dbb4e8a73a -> ae0be802c38d22b76b13deaf32e6b2fa
  custom:video-decoder-ogg-theora: a1e56fd34408186e4bbccfd4996cb3dc -> 
  custom:framework-win-MediaFoundation: 216162199b28c13a410421893ffa2e32 -> 
  custom:scripting/monoscript/fileName/ExtinguishableParticleSystem.cs: 113f8d78b910435e98d9a70bff84f18b -> f8b7119b76e142217ea59caecee08c2d
  custom:CustomObjectIndexerAttribute: 9a22284fe3817be447336de3de66b15e -> 
  custom:container-demuxer-webm: 4f35f7cbe854078d1ac9338744f61a02 -> 
  custom:container-muxer-webm: aa71ff27fc2769a1b78a27578f13a17b -> 
  custom:scripting/monoscript/fileName/ParticleSystemMultiplier.cs: 73e258f149fc72ee6db83a0694cdf954 -> ee9356afc1edd7a7e964bbfaae218d2b
  custom:scripting/monoscript/fileName/Explosive.cs: e75769bd79cff06e2c2c727b5fa241ec -> 3828d6083bb1809dd6ceb0774cff30bf
  custom:video-decoder-webm-vp8: 9c59270c3fd7afecdb556c50c9e8de78 -> 
  custom:SearchIndexIgnoredProperties: e643bd26f0fe6173181afceb89e7c659 -> 
  custom:AudioImporter_EditorPlatform: d09bf68614088b80899f8185d706f6e7 -> 
  custom:scripting/monoscript/fileName/ExplosionFireAndDebris.cs: 50c491679126ebbea3deebc5c25381a4 -> 9c578ebda2ad3c3c3c6c44dce65093e0
  custom:scripting/monoscript/fileName/WaterHoseParticles.cs: c7c0c21d9ffe73d0996d1037b61400a2 -> 86c1b8c19be690fb9367e984ca7a0ab7
  custom:video-encoder-webm-vp8: eb34c28f22e8b96e1ab97ce403110664 -> 
  custom:audio-decoder-ogg-vorbis: bf7c407c2cedff20999df2af8eb42d56 -> 
  custom:scripting/monoscript/fileName/AfterburnerPhysicsForce.cs: 49a61f40a17b98cc369e513889adc4cf -> ea1d2e5ce75d184b47ac9cdb79411e01
  custom:scripting/monoscript/fileName/FireLight.cs: f7b54493553ff0cc1bcc16f06faa5bbd -> b4b66c362b883eb58d7e52f4922a19fc
  custom:audio-encoder-webm-vorbis: bf7c407c2cedff20999df2af8eb42d56 -> 
  custom:scripting/monoscript/fileName/Hose.cs: 41b4c7a6063e80327d0361f2c0ff9df8 -> 1d1751f4f603bc707cbfbd006a3e319e
========================================================================
Received Prepare
Caller must complete domain reload
Begin MonoManager ReloadAssembly
- Loaded All Assemblies, in  1.047 seconds
Native extension for WindowsStandalone target not found
[Package Manager] Server::EnsureServerProcessIsRunning -- launch failed, reason: Unity was launched with the -noUpm command-line argument
[Package Manager] UpmClient::Send -- Unable to send message (not connected to UPM process).
[Package Manager] Cannot connect to Unity Package Manager local server
Mono: successfully reloaded assembly
- Finished resetting the current domain, in  5.265 seconds
Domain Reload Profiling: 6316ms
	BeginReloadAssembly (297ms)
		ExecutionOrderSort (0ms)
		DisableScriptedObjects (14ms)
		BackupInstance (0ms)
		ReleaseScriptingObjects (0ms)
		CreateAndSetChildDomain (65ms)
	RebuildCommonClasses (64ms)
	RebuildNativeTypeToScriptingClass (26ms)
	initialDomainReloadingComplete (65ms)
	LoadAllAssembliesAndSetupDomain (587ms)
		LoadAssemblies (724ms)
		RebuildTransferFunctionScriptingTraits (0ms)
		AnalyzeDomain (37ms)
			TypeCache.Refresh (17ms)
				TypeCache.ScanAssembly (0ms)
			ScanForSourceGeneratedMonoScriptInfo (1ms)
			ResolveRequiredComponents (13ms)
	FinalizeReload (5276ms)
		ReleaseScriptCaches (0ms)
		RebuildScriptCaches (0ms)
		SetupLoadedEditorAssemblies (3369ms)
			LogAssemblyErrors (0ms)
			InitializePlatformSupportModulesInManaged (44ms)
			SetLoadedEditorAssemblies (21ms)
			RefreshPlugins (0ms)
			BeforeProcessingInitializeOnLoad (318ms)
			ProcessInitializeOnLoadAttributes (2765ms)
			ProcessInitializeOnLoadMethodAttributes (190ms)
			AfterProcessingInitializeOnLoad (30ms)
			EditorAssembliesLoaded (1ms)
		ExecutionOrderSort2 (0ms)
		AwakeInstancesAfterBackupRestoration (39ms)
Refreshing native plugins compatible for Editor in 35.17 ms, found 3 plugins.
Preloading 0 native plugins for Editor in 0.00 ms.
Unloading 3227 Unused Serialized files (Serialized files now loaded: 0)
Unloading 16 unused Assets / (341.0 KB). Loaded Objects now: 3783.
Memory consumption went from 144.9 MB to 144.6 MB.
Total: 16.597500 ms (FindLiveObjects: 2.475400 ms CreateObjectMapping: 1.055100 ms MarkObjects: 7.671000 ms  DeleteObjects: 5.281900 ms)

Prepare: number of updated asset objects reloaded= 0
AssetImportParameters requested are different than current active one (requested -> active):
  custom:container-demuxer-ogg: 62fdf1f143b41e24485cea50d1cbac27 -> 
  custom:scripting/monoscript/fileName/ExplosionPhysicsForce.cs: 43a2cbc4b7805ea1d00e9b25a4f23a5c -> 99c9bdd3f4711349ea008cc9307354fc
  custom:scripting/monoscript/fileName/SmokeParticles.cs: 965c7beea8e5e7b36429c7dbb4e8a73a -> ae0be802c38d22b76b13deaf32e6b2fa
  custom:video-decoder-ogg-theora: a1e56fd34408186e4bbccfd4996cb3dc -> 
  custom:framework-win-MediaFoundation: 216162199b28c13a410421893ffa2e32 -> 
  custom:scripting/monoscript/fileName/ExtinguishableParticleSystem.cs: 113f8d78b910435e98d9a70bff84f18b -> f8b7119b76e142217ea59caecee08c2d
  custom:CustomObjectIndexerAttribute: 9a22284fe3817be447336de3de66b15e -> 
  custom:container-demuxer-webm: 4f35f7cbe854078d1ac9338744f61a02 -> 
  custom:container-muxer-webm: aa71ff27fc2769a1b78a27578f13a17b -> 
  custom:scripting/monoscript/fileName/ParticleSystemMultiplier.cs: 73e258f149fc72ee6db83a0694cdf954 -> ee9356afc1edd7a7e964bbfaae218d2b
  custom:scripting/monoscript/fileName/Explosive.cs: e75769bd79cff06e2c2c727b5fa241ec -> 3828d6083bb1809dd6ceb0774cff30bf
  custom:video-decoder-webm-vp8: 9c59270c3fd7afecdb556c50c9e8de78 -> 
  custom:SearchIndexIgnoredProperties: e643bd26f0fe6173181afceb89e7c659 -> 
  custom:AudioImporter_EditorPlatform: d09bf68614088b80899f8185d706f6e7 -> 
  custom:scripting/monoscript/fileName/ExplosionFireAndDebris.cs: 50c491679126ebbea3deebc5c25381a4 -> 9c578ebda2ad3c3c3c6c44dce65093e0
  custom:scripting/monoscript/fileName/WaterHoseParticles.cs: c7c0c21d9ffe73d0996d1037b61400a2 -> 86c1b8c19be690fb9367e984ca7a0ab7
  custom:video-encoder-webm-vp8: eb34c28f22e8b96e1ab97ce403110664 -> 
  custom:audio-decoder-ogg-vorbis: bf7c407c2cedff20999df2af8eb42d56 -> 
  custom:scripting/monoscript/fileName/AfterburnerPhysicsForce.cs: 49a61f40a17b98cc369e513889adc4cf -> ea1d2e5ce75d184b47ac9cdb79411e01
  custom:scripting/monoscript/fileName/FireLight.cs: f7b54493553ff0cc1bcc16f06faa5bbd -> b4b66c362b883eb58d7e52f4922a19fc
  custom:audio-encoder-webm-vorbis: bf7c407c2cedff20999df2af8eb42d56 -> 
  custom:scripting/monoscript/fileName/Hose.cs: 41b4c7a6063e80327d0361f2c0ff9df8 -> 1d1751f4f603bc707cbfbd006a3e319e
========================================================================
Received Prepare
Caller must complete domain reload
Begin MonoManager ReloadAssembly
- Loaded All Assemblies, in  8.043 seconds
Native extension for WindowsStandalone target not found
[Package Manager] Server::EnsureServerProcessIsRunning -- launch failed, reason: Unity was launched with the -noUpm command-line argument
[Package Manager] UpmClient::Send -- Unable to send message (not connected to UPM process).
[Package Manager] Cannot connect to Unity Package Manager local server
Mono: successfully reloaded assembly
- Finished resetting the current domain, in 13.036 seconds
Domain Reload Profiling: 21085ms
	BeginReloadAssembly (2753ms)
		ExecutionOrderSort (0ms)
		DisableScriptedObjects (41ms)
		BackupInstance (0ms)
		ReleaseScriptingObjects (2ms)
		CreateAndSetChildDomain (1121ms)
	RebuildCommonClasses (249ms)
	RebuildNativeTypeToScriptingClass (47ms)
	initialDomainReloadingComplete (215ms)
	LoadAllAssembliesAndSetupDomain (4781ms)
		LoadAssemblies (5943ms)
		RebuildTransferFunctionScriptingTraits (0ms)
		AnalyzeDomain (129ms)
			TypeCache.Refresh (64ms)
				TypeCache.ScanAssembly (0ms)
			ScanForSourceGeneratedMonoScriptInfo (1ms)
			ResolveRequiredComponents (52ms)
	FinalizeReload (13041ms)
		ReleaseScriptCaches (0ms)
		RebuildScriptCaches (0ms)
		SetupLoadedEditorAssemblies (3037ms)
			LogAssemblyErrors (0ms)
			InitializePlatformSupportModulesInManaged (55ms)
			SetLoadedEditorAssemblies (36ms)
			RefreshPlugins (0ms)
			BeforeProcessingInitializeOnLoad (343ms)
			ProcessInitializeOnLoadAttributes (2406ms)
			ProcessInitializeOnLoadMethodAttributes (184ms)
			AfterProcessingInitializeOnLoad (12ms)
			EditorAssembliesLoaded (1ms)
		ExecutionOrderSort2 (0ms)
		AwakeInstancesAfterBackupRestoration (39ms)
Refreshing native plugins compatible for Editor in 27.43 ms, found 3 plugins.
Preloading 0 native plugins for Editor in 0.00 ms.
Unloading 3227 Unused Serialized files (Serialized files now loaded: 0)
Unloading 16 unused Assets / (349.0 KB). Loaded Objects now: 3786.
Memory consumption went from 144.9 MB to 144.6 MB.
Total: 22.120400 ms (FindLiveObjects: 4.224500 ms CreateObjectMapping: 0.349600 ms MarkObjects: 13.583000 ms  DeleteObjects: 3.950700 ms)

Prepare: number of updated asset objects reloaded= 0
AssetImportParameters requested are different than current active one (requested -> active):
  custom:container-demuxer-ogg: 62fdf1f143b41e24485cea50d1cbac27 -> 
  custom:scripting/monoscript/fileName/ExplosionPhysicsForce.cs: 43a2cbc4b7805ea1d00e9b25a4f23a5c -> 99c9bdd3f4711349ea008cc9307354fc
  custom:scripting/monoscript/fileName/SmokeParticles.cs: 965c7beea8e5e7b36429c7dbb4e8a73a -> ae0be802c38d22b76b13deaf32e6b2fa
  custom:video-decoder-ogg-theora: a1e56fd34408186e4bbccfd4996cb3dc -> 
  custom:framework-win-MediaFoundation: 216162199b28c13a410421893ffa2e32 -> 
  custom:scripting/monoscript/fileName/ExtinguishableParticleSystem.cs: 113f8d78b910435e98d9a70bff84f18b -> f8b7119b76e142217ea59caecee08c2d
  custom:CustomObjectIndexerAttribute: 9a22284fe3817be447336de3de66b15e -> 
  custom:container-demuxer-webm: 4f35f7cbe854078d1ac9338744f61a02 -> 
  custom:container-muxer-webm: aa71ff27fc2769a1b78a27578f13a17b -> 
  custom:scripting/monoscript/fileName/ParticleSystemMultiplier.cs: 73e258f149fc72ee6db83a0694cdf954 -> ee9356afc1edd7a7e964bbfaae218d2b
  custom:scripting/monoscript/fileName/Explosive.cs: e75769bd79cff06e2c2c727b5fa241ec -> 3828d6083bb1809dd6ceb0774cff30bf
  custom:video-decoder-webm-vp8: 9c59270c3fd7afecdb556c50c9e8de78 -> 
  custom:SearchIndexIgnoredProperties: e643bd26f0fe6173181afceb89e7c659 -> 
  custom:AudioImporter_EditorPlatform: d09bf68614088b80899f8185d706f6e7 -> 
  custom:scripting/monoscript/fileName/ExplosionFireAndDebris.cs: 50c491679126ebbea3deebc5c25381a4 -> 9c578ebda2ad3c3c3c6c44dce65093e0
  custom:scripting/monoscript/fileName/WaterHoseParticles.cs: c7c0c21d9ffe73d0996d1037b61400a2 -> 86c1b8c19be690fb9367e984ca7a0ab7
  custom:video-encoder-webm-vp8: eb34c28f22e8b96e1ab97ce403110664 -> 
  custom:audio-decoder-ogg-vorbis: bf7c407c2cedff20999df2af8eb42d56 -> 
  custom:scripting/monoscript/fileName/AfterburnerPhysicsForce.cs: 49a61f40a17b98cc369e513889adc4cf -> ea1d2e5ce75d184b47ac9cdb79411e01
  custom:scripting/monoscript/fileName/FireLight.cs: f7b54493553ff0cc1bcc16f06faa5bbd -> b4b66c362b883eb58d7e52f4922a19fc
  custom:audio-encoder-webm-vorbis: bf7c407c2cedff20999df2af8eb42d56 -> 
  custom:scripting/monoscript/fileName/Hose.cs: 41b4c7a6063e80327d0361f2c0ff9df8 -> 1d1751f4f603bc707cbfbd006a3e319e
========================================================================
Received Prepare
Caller must complete domain reload
Begin MonoManager ReloadAssembly
- Loaded All Assemblies, in  1.613 seconds
Native extension for WindowsStandalone target not found
[Package Manager] Server::EnsureServerProcessIsRunning -- launch failed, reason: Unity was launched with the -noUpm command-line argument
[Package Manager] UpmClient::Send -- Unable to send message (not connected to UPM process).
[Package Manager] Cannot connect to Unity Package Manager local server
Mono: successfully reloaded assembly
- Finished resetting the current domain, in  8.807 seconds
Domain Reload Profiling: 10431ms
	BeginReloadAssembly (427ms)
		ExecutionOrderSort (0ms)
		DisableScriptedObjects (21ms)
		BackupInstance (0ms)
		ReleaseScriptingObjects (0ms)
		CreateAndSetChildDomain (121ms)
	RebuildCommonClasses (41ms)
	RebuildNativeTypeToScriptingClass (13ms)
	initialDomainReloadingComplete (52ms)
	LoadAllAssembliesAndSetupDomain (1091ms)
		LoadAssemblies (1171ms)
		RebuildTransferFunctionScriptingTraits (0ms)
		AnalyzeDomain (116ms)
			TypeCache.Refresh (62ms)
				TypeCache.ScanAssembly (0ms)
			ScanForSourceGeneratedMonoScriptInfo (1ms)
			ResolveRequiredComponents (40ms)
	FinalizeReload (8808ms)
		ReleaseScriptCaches (0ms)
		RebuildScriptCaches (0ms)
		SetupLoadedEditorAssemblies (2663ms)
			LogAssemblyErrors (0ms)
			InitializePlatformSupportModulesInManaged (40ms)
			SetLoadedEditorAssemblies (11ms)
			RefreshPlugins (0ms)
			BeforeProcessingInitializeOnLoad (340ms)
			ProcessInitializeOnLoadAttributes (2121ms)
			ProcessInitializeOnLoadMethodAttributes (126ms)
			AfterProcessingInitializeOnLoad (24ms)
			EditorAssembliesLoaded (1ms)
		ExecutionOrderSort2 (0ms)
		AwakeInstancesAfterBackupRestoration (28ms)
Refreshing native plugins compatible for Editor in 14.54 ms, found 3 plugins.
Preloading 0 native plugins for Editor in 0.00 ms.
Unloading 3227 Unused Serialized files (Serialized files now loaded: 0)
Unloading 16 unused Assets / (373.3 KB). Loaded Objects now: 3789.
Memory consumption went from 145.0 MB to 144.6 MB.
Total: 24.983700 ms (FindLiveObjects: 3.315300 ms CreateObjectMapping: 3.080900 ms MarkObjects: 17.363600 ms  DeleteObjects: 1.214600 ms)

Prepare: number of updated asset objects reloaded= 0
AssetImportParameters requested are different than current active one (requested -> active):
  custom:container-demuxer-ogg: 62fdf1f143b41e24485cea50d1cbac27 -> 
  custom:scripting/monoscript/fileName/ExplosionPhysicsForce.cs: 43a2cbc4b7805ea1d00e9b25a4f23a5c -> 99c9bdd3f4711349ea008cc9307354fc
  custom:scripting/monoscript/fileName/SmokeParticles.cs: 965c7beea8e5e7b36429c7dbb4e8a73a -> ae0be802c38d22b76b13deaf32e6b2fa
  custom:video-decoder-ogg-theora: a1e56fd34408186e4bbccfd4996cb3dc -> 
  custom:framework-win-MediaFoundation: 216162199b28c13a410421893ffa2e32 -> 
  custom:scripting/monoscript/fileName/ExtinguishableParticleSystem.cs: 113f8d78b910435e98d9a70bff84f18b -> f8b7119b76e142217ea59caecee08c2d
  custom:CustomObjectIndexerAttribute: 9a22284fe3817be447336de3de66b15e -> 
  custom:container-demuxer-webm: 4f35f7cbe854078d1ac9338744f61a02 -> 
  custom:container-muxer-webm: aa71ff27fc2769a1b78a27578f13a17b -> 
  custom:scripting/monoscript/fileName/ParticleSystemMultiplier.cs: 73e258f149fc72ee6db83a0694cdf954 -> ee9356afc1edd7a7e964bbfaae218d2b
  custom:scripting/monoscript/fileName/Explosive.cs: e75769bd79cff06e2c2c727b5fa241ec -> 3828d6083bb1809dd6ceb0774cff30bf
  custom:video-decoder-webm-vp8: 9c59270c3fd7afecdb556c50c9e8de78 -> 
  custom:SearchIndexIgnoredProperties: e643bd26f0fe6173181afceb89e7c659 -> 
  custom:AudioImporter_EditorPlatform: d09bf68614088b80899f8185d706f6e7 -> 
  custom:scripting/monoscript/fileName/ExplosionFireAndDebris.cs: 50c491679126ebbea3deebc5c25381a4 -> 9c578ebda2ad3c3c3c6c44dce65093e0
  custom:scripting/monoscript/fileName/WaterHoseParticles.cs: c7c0c21d9ffe73d0996d1037b61400a2 -> 86c1b8c19be690fb9367e984ca7a0ab7
  custom:video-encoder-webm-vp8: eb34c28f22e8b96e1ab97ce403110664 -> 
  custom:audio-decoder-ogg-vorbis: bf7c407c2cedff20999df2af8eb42d56 -> 
  custom:scripting/monoscript/fileName/AfterburnerPhysicsForce.cs: 49a61f40a17b98cc369e513889adc4cf -> ea1d2e5ce75d184b47ac9cdb79411e01
  custom:scripting/monoscript/fileName/FireLight.cs: f7b54493553ff0cc1bcc16f06faa5bbd -> b4b66c362b883eb58d7e52f4922a19fc
  custom:audio-encoder-webm-vorbis: bf7c407c2cedff20999df2af8eb42d56 -> 
  custom:scripting/monoscript/fileName/Hose.cs: 41b4c7a6063e80327d0361f2c0ff9df8 -> 1d1751f4f603bc707cbfbd006a3e319e
========================================================================
Received Prepare
Caller must complete domain reload
Begin MonoManager ReloadAssembly
- Loaded All Assemblies, in  0.604 seconds
Native extension for WindowsStandalone target not found
[Package Manager] Server::EnsureServerProcessIsRunning -- launch failed, reason: Unity was launched with the -noUpm command-line argument
[Package Manager] UpmClient::Send -- Unable to send message (not connected to UPM process).
[Package Manager] Cannot connect to Unity Package Manager local server
Mono: successfully reloaded assembly
- Finished resetting the current domain, in  2.925 seconds
Domain Reload Profiling: 3531ms
	BeginReloadAssembly (171ms)
		ExecutionOrderSort (0ms)
		DisableScriptedObjects (5ms)
		BackupInstance (0ms)
		ReleaseScriptingObjects (0ms)
		CreateAndSetChildDomain (34ms)
	RebuildCommonClasses (49ms)
	RebuildNativeTypeToScriptingClass (11ms)
	initialDomainReloadingComplete (39ms)
	LoadAllAssembliesAndSetupDomain (334ms)
		LoadAssemblies (401ms)
		RebuildTransferFunctionScriptingTraits (0ms)
		AnalyzeDomain (32ms)
			TypeCache.Refresh (13ms)
				TypeCache.ScanAssembly (0ms)
			ScanForSourceGeneratedMonoScriptInfo (0ms)
			ResolveRequiredComponents (14ms)
	FinalizeReload (2928ms)
		ReleaseScriptCaches (0ms)
		RebuildScriptCaches (0ms)
		SetupLoadedEditorAssemblies (1945ms)
			LogAssemblyErrors (0ms)
			InitializePlatformSupportModulesInManaged (20ms)
			SetLoadedEditorAssemblies (9ms)
			RefreshPlugins (0ms)
			BeforeProcessingInitializeOnLoad (217ms)
			ProcessInitializeOnLoadAttributes (1566ms)
			ProcessInitializeOnLoadMethodAttributes (104ms)
			AfterProcessingInitializeOnLoad (27ms)
			EditorAssembliesLoaded (2ms)
		ExecutionOrderSort2 (0ms)
		AwakeInstancesAfterBackupRestoration (22ms)
Refreshing native plugins compatible for Editor in 6.30 ms, found 3 plugins.
Preloading 0 native plugins for Editor in 0.00 ms.
Unloading 3227 Unused Serialized files (Serialized files now loaded: 0)
Unloading 16 unused Assets / (349.2 KB). Loaded Objects now: 3792.
Memory consumption went from 144.9 MB to 144.6 MB.
Total: 12.342200 ms (FindLiveObjects: 1.383800 ms CreateObjectMapping: 0.366700 ms MarkObjects: 8.577700 ms  DeleteObjects: 2.003000 ms)

Prepare: number of updated asset objects reloaded= 0
AssetImportParameters requested are different than current active one (requested -> active):
  custom:container-demuxer-ogg: 62fdf1f143b41e24485cea50d1cbac27 -> 
  custom:scripting/monoscript/fileName/ExplosionPhysicsForce.cs: 43a2cbc4b7805ea1d00e9b25a4f23a5c -> 99c9bdd3f4711349ea008cc9307354fc
  custom:scripting/monoscript/fileName/SmokeParticles.cs: 965c7beea8e5e7b36429c7dbb4e8a73a -> ae0be802c38d22b76b13deaf32e6b2fa
  custom:video-decoder-ogg-theora: a1e56fd34408186e4bbccfd4996cb3dc -> 
  custom:framework-win-MediaFoundation: 216162199b28c13a410421893ffa2e32 -> 
  custom:scripting/monoscript/fileName/ExtinguishableParticleSystem.cs: 113f8d78b910435e98d9a70bff84f18b -> f8b7119b76e142217ea59caecee08c2d
  custom:CustomObjectIndexerAttribute: 9a22284fe3817be447336de3de66b15e -> 
  custom:container-demuxer-webm: 4f35f7cbe854078d1ac9338744f61a02 -> 
  custom:container-muxer-webm: aa71ff27fc2769a1b78a27578f13a17b -> 
  custom:scripting/monoscript/fileName/ParticleSystemMultiplier.cs: 73e258f149fc72ee6db83a0694cdf954 -> ee9356afc1edd7a7e964bbfaae218d2b
  custom:scripting/monoscript/fileName/Explosive.cs: e75769bd79cff06e2c2c727b5fa241ec -> 3828d6083bb1809dd6ceb0774cff30bf
  custom:video-decoder-webm-vp8: 9c59270c3fd7afecdb556c50c9e8de78 -> 
  custom:SearchIndexIgnoredProperties: e643bd26f0fe6173181afceb89e7c659 -> 
  custom:AudioImporter_EditorPlatform: d09bf68614088b80899f8185d706f6e7 -> 
  custom:scripting/monoscript/fileName/ExplosionFireAndDebris.cs: 50c491679126ebbea3deebc5c25381a4 -> 9c578ebda2ad3c3c3c6c44dce65093e0
  custom:scripting/monoscript/fileName/WaterHoseParticles.cs: c7c0c21d9ffe73d0996d1037b61400a2 -> 86c1b8c19be690fb9367e984ca7a0ab7
  custom:video-encoder-webm-vp8: eb34c28f22e8b96e1ab97ce403110664 -> 
  custom:audio-decoder-ogg-vorbis: bf7c407c2cedff20999df2af8eb42d56 -> 
  custom:scripting/monoscript/fileName/AfterburnerPhysicsForce.cs: 49a61f40a17b98cc369e513889adc4cf -> ea1d2e5ce75d184b47ac9cdb79411e01
  custom:scripting/monoscript/fileName/FireLight.cs: f7b54493553ff0cc1bcc16f06faa5bbd -> b4b66c362b883eb58d7e52f4922a19fc
  custom:audio-encoder-webm-vorbis: bf7c407c2cedff20999df2af8eb42d56 -> 
  custom:scripting/monoscript/fileName/Hose.cs: 41b4c7a6063e80327d0361f2c0ff9df8 -> 1d1751f4f603bc707cbfbd006a3e319e
========================================================================
Received Prepare
Caller must complete domain reload
Begin MonoManager ReloadAssembly
- Loaded All Assemblies, in  0.511 seconds
Native extension for WindowsStandalone target not found
[Package Manager] Server::EnsureServerProcessIsRunning -- launch failed, reason: Unity was launched with the -noUpm command-line argument
[Package Manager] UpmClient::Send -- Unable to send message (not connected to UPM process).
[Package Manager] Cannot connect to Unity Package Manager local server
Mono: successfully reloaded assembly
- Finished resetting the current domain, in  5.800 seconds
Domain Reload Profiling: 6314ms
	BeginReloadAssembly (162ms)
		ExecutionOrderSort (0ms)
		DisableScriptedObjects (7ms)
		BackupInstance (0ms)
		ReleaseScriptingObjects (0ms)
		CreateAndSetChildDomain (32ms)
	RebuildCommonClasses (25ms)
	RebuildNativeTypeToScriptingClass (9ms)
	initialDomainReloadingComplete (28ms)
	LoadAllAssembliesAndSetupDomain (287ms)
		LoadAssemblies (351ms)
		RebuildTransferFunctionScriptingTraits (0ms)
		AnalyzeDomain (27ms)
			TypeCache.Refresh (11ms)
				TypeCache.ScanAssembly (0ms)
			ScanForSourceGeneratedMonoScriptInfo (0ms)
			ResolveRequiredComponents (8ms)
	FinalizeReload (5804ms)
		ReleaseScriptCaches (0ms)
		RebuildScriptCaches (0ms)
		SetupLoadedEditorAssemblies (2052ms)
			LogAssemblyErrors (0ms)
			InitializePlatformSupportModulesInManaged (17ms)
			SetLoadedEditorAssemblies (6ms)
			RefreshPlugins (0ms)
			BeforeProcessingInitializeOnLoad (207ms)
			ProcessInitializeOnLoadAttributes (1689ms)
			ProcessInitializeOnLoadMethodAttributes (125ms)
			AfterProcessingInitializeOnLoad (9ms)
			EditorAssembliesLoaded (0ms)
		ExecutionOrderSort2 (0ms)
		AwakeInstancesAfterBackupRestoration (12ms)
Refreshing native plugins compatible for Editor in 25.29 ms, found 3 plugins.
Preloading 0 native plugins for Editor in 0.00 ms.
Unloading 3227 Unused Serialized files (Serialized files now loaded: 0)
Unloading 16 unused Assets / (381.4 KB). Loaded Objects now: 3795.
Memory consumption went from 145.0 MB to 144.6 MB.
Total: 25.724700 ms (FindLiveObjects: 2.335700 ms CreateObjectMapping: 1.395700 ms MarkObjects: 18.579000 ms  DeleteObjects: 3.402100 ms)

Prepare: number of updated asset objects reloaded= 0
AssetImportParameters requested are different than current active one (requested -> active):
  custom:container-demuxer-ogg: 62fdf1f143b41e24485cea50d1cbac27 -> 
  custom:scripting/monoscript/fileName/ExplosionPhysicsForce.cs: 43a2cbc4b7805ea1d00e9b25a4f23a5c -> 99c9bdd3f4711349ea008cc9307354fc
  custom:scripting/monoscript/fileName/SmokeParticles.cs: 965c7beea8e5e7b36429c7dbb4e8a73a -> ae0be802c38d22b76b13deaf32e6b2fa
  custom:video-decoder-ogg-theora: a1e56fd34408186e4bbccfd4996cb3dc -> 
  custom:framework-win-MediaFoundation: 216162199b28c13a410421893ffa2e32 -> 
  custom:scripting/monoscript/fileName/ExtinguishableParticleSystem.cs: 113f8d78b910435e98d9a70bff84f18b -> f8b7119b76e142217ea59caecee08c2d
  custom:CustomObjectIndexerAttribute: 9a22284fe3817be447336de3de66b15e -> 
  custom:container-demuxer-webm: 4f35f7cbe854078d1ac9338744f61a02 -> 
  custom:container-muxer-webm: aa71ff27fc2769a1b78a27578f13a17b -> 
  custom:scripting/monoscript/fileName/ParticleSystemMultiplier.cs: 73e258f149fc72ee6db83a0694cdf954 -> ee9356afc1edd7a7e964bbfaae218d2b
  custom:scripting/monoscript/fileName/Explosive.cs: e75769bd79cff06e2c2c727b5fa241ec -> 3828d6083bb1809dd6ceb0774cff30bf
  custom:video-decoder-webm-vp8: 9c59270c3fd7afecdb556c50c9e8de78 -> 
  custom:SearchIndexIgnoredProperties: e643bd26f0fe6173181afceb89e7c659 -> 
  custom:AudioImporter_EditorPlatform: d09bf68614088b80899f8185d706f6e7 -> 
  custom:scripting/monoscript/fileName/ExplosionFireAndDebris.cs: 50c491679126ebbea3deebc5c25381a4 -> 9c578ebda2ad3c3c3c6c44dce65093e0
  custom:scripting/monoscript/fileName/WaterHoseParticles.cs: c7c0c21d9ffe73d0996d1037b61400a2 -> 86c1b8c19be690fb9367e984ca7a0ab7
  custom:video-encoder-webm-vp8: eb34c28f22e8b96e1ab97ce403110664 -> 
  custom:audio-decoder-ogg-vorbis: bf7c407c2cedff20999df2af8eb42d56 -> 
  custom:scripting/monoscript/fileName/AfterburnerPhysicsForce.cs: 49a61f40a17b98cc369e513889adc4cf -> ea1d2e5ce75d184b47ac9cdb79411e01
  custom:scripting/monoscript/fileName/FireLight.cs: f7b54493553ff0cc1bcc16f06faa5bbd -> b4b66c362b883eb58d7e52f4922a19fc
  custom:audio-encoder-webm-vorbis: bf7c407c2cedff20999df2af8eb42d56 -> 
  custom:scripting/monoscript/fileName/Hose.cs: 41b4c7a6063e80327d0361f2c0ff9df8 -> 1d1751f4f603bc707cbfbd006a3e319e
========================================================================
Received Prepare
Caller must complete domain reload
Begin MonoManager ReloadAssembly
- Loaded All Assemblies, in  0.732 seconds
Native extension for WindowsStandalone target not found
[Package Manager] Server::EnsureServerProcessIsRunning -- launch failed, reason: Unity was launched with the -noUpm command-line argument
[Package Manager] UpmClient::Send -- Unable to send message (not connected to UPM process).
[Package Manager] Cannot connect to Unity Package Manager local server
Mono: successfully reloaded assembly
- Finished resetting the current domain, in  7.649 seconds
Domain Reload Profiling: 8379ms
	BeginReloadAssembly (204ms)
		ExecutionOrderSort (0ms)
		DisableScriptedObjects (4ms)
		BackupInstance (0ms)
		ReleaseScriptingObjects (0ms)
		CreateAndSetChildDomain (43ms)
	RebuildCommonClasses (53ms)
	RebuildNativeTypeToScriptingClass (21ms)
	initialDomainReloadingComplete (49ms)
	LoadAllAssembliesAndSetupDomain (402ms)
		LoadAssemblies (491ms)
		RebuildTransferFunctionScriptingTraits (0ms)
		AnalyzeDomain (27ms)
			TypeCache.Refresh (10ms)
				TypeCache.ScanAssembly (0ms)
			ScanForSourceGeneratedMonoScriptInfo (0ms)
			ResolveRequiredComponents (15ms)
	FinalizeReload (7651ms)
		ReleaseScriptCaches (0ms)
		RebuildScriptCaches (0ms)
		SetupLoadedEditorAssemblies (2822ms)
			LogAssemblyErrors (0ms)
			InitializePlatformSupportModulesInManaged (47ms)
			SetLoadedEditorAssemblies (10ms)
			RefreshPlugins (0ms)
			BeforeProcessingInitializeOnLoad (288ms)
			ProcessInitializeOnLoadAttributes (2268ms)
			ProcessInitializeOnLoadMethodAttributes (165ms)
			AfterProcessingInitializeOnLoad (41ms)
			EditorAssembliesLoaded (3ms)
		ExecutionOrderSort2 (0ms)
		AwakeInstancesAfterBackupRestoration (41ms)
Refreshing native plugins compatible for Editor in 17.35 ms, found 3 plugins.
Preloading 0 native plugins for Editor in 0.00 ms.
Unloading 3227 Unused Serialized files (Serialized files now loaded: 0)
Unloading 16 unused Assets / (349.2 KB). Loaded Objects now: 3798.
Memory consumption went from 144.9 MB to 144.6 MB.
Total: 6.437600 ms (FindLiveObjects: 0.556900 ms CreateObjectMapping: 0.191600 ms MarkObjects: 5.203900 ms  DeleteObjects: 0.482900 ms)

Prepare: number of updated asset objects reloaded= 0
AssetImportParameters requested are different than current active one (requested -> active):
  custom:container-demuxer-ogg: 62fdf1f143b41e24485cea50d1cbac27 -> 
  custom:scripting/monoscript/fileName/ExplosionPhysicsForce.cs: 43a2cbc4b7805ea1d00e9b25a4f23a5c -> 99c9bdd3f4711349ea008cc9307354fc
  custom:scripting/monoscript/fileName/SmokeParticles.cs: 965c7beea8e5e7b36429c7dbb4e8a73a -> ae0be802c38d22b76b13deaf32e6b2fa
  custom:video-decoder-ogg-theora: a1e56fd34408186e4bbccfd4996cb3dc -> 
  custom:framework-win-MediaFoundation: 216162199b28c13a410421893ffa2e32 -> 
  custom:scripting/monoscript/fileName/ExtinguishableParticleSystem.cs: 113f8d78b910435e98d9a70bff84f18b -> f8b7119b76e142217ea59caecee08c2d
  custom:CustomObjectIndexerAttribute: 9a22284fe3817be447336de3de66b15e -> 
  custom:container-demuxer-webm: 4f35f7cbe854078d1ac9338744f61a02 -> 
  custom:container-muxer-webm: aa71ff27fc2769a1b78a27578f13a17b -> 
  custom:scripting/monoscript/fileName/ParticleSystemMultiplier.cs: 73e258f149fc72ee6db83a0694cdf954 -> ee9356afc1edd7a7e964bbfaae218d2b
  custom:scripting/monoscript/fileName/Explosive.cs: e75769bd79cff06e2c2c727b5fa241ec -> 3828d6083bb1809dd6ceb0774cff30bf
  custom:video-decoder-webm-vp8: 9c59270c3fd7afecdb556c50c9e8de78 -> 
  custom:SearchIndexIgnoredProperties: e643bd26f0fe6173181afceb89e7c659 -> 
  custom:AudioImporter_EditorPlatform: d09bf68614088b80899f8185d706f6e7 -> 
  custom:scripting/monoscript/fileName/ExplosionFireAndDebris.cs: 50c491679126ebbea3deebc5c25381a4 -> 9c578ebda2ad3c3c3c6c44dce65093e0
  custom:scripting/monoscript/fileName/WaterHoseParticles.cs: c7c0c21d9ffe73d0996d1037b61400a2 -> 86c1b8c19be690fb9367e984ca7a0ab7
  custom:video-encoder-webm-vp8: eb34c28f22e8b96e1ab97ce403110664 -> 
  custom:audio-decoder-ogg-vorbis: bf7c407c2cedff20999df2af8eb42d56 -> 
  custom:scripting/monoscript/fileName/AfterburnerPhysicsForce.cs: 49a61f40a17b98cc369e513889adc4cf -> ea1d2e5ce75d184b47ac9cdb79411e01
  custom:scripting/monoscript/fileName/FireLight.cs: f7b54493553ff0cc1bcc16f06faa5bbd -> b4b66c362b883eb58d7e52f4922a19fc
  custom:audio-encoder-webm-vorbis: bf7c407c2cedff20999df2af8eb42d56 -> 
  custom:scripting/monoscript/fileName/Hose.cs: 41b4c7a6063e80327d0361f2c0ff9df8 -> 1d1751f4f603bc707cbfbd006a3e319e
========================================================================
Received Prepare
Caller must complete domain reload
Begin MonoManager ReloadAssembly
- Loaded All Assemblies, in  0.596 seconds
Native extension for WindowsStandalone target not found
[Package Manager] Server::EnsureServerProcessIsRunning -- launch failed, reason: Unity was launched with the -noUpm command-line argument
[Package Manager] UpmClient::Send -- Unable to send message (not connected to UPM process).
[Package Manager] Cannot connect to Unity Package Manager local server
Mono: successfully reloaded assembly
- Finished resetting the current domain, in  7.166 seconds
Domain Reload Profiling: 7763ms
	BeginReloadAssembly (187ms)
		ExecutionOrderSort (0ms)
		DisableScriptedObjects (4ms)
		BackupInstance (0ms)
		ReleaseScriptingObjects (0ms)
		CreateAndSetChildDomain (40ms)
	RebuildCommonClasses (35ms)
	RebuildNativeTypeToScriptingClass (10ms)
	initialDomainReloadingComplete (28ms)
	LoadAllAssembliesAndSetupDomain (333ms)
		LoadAssemblies (425ms)
		RebuildTransferFunctionScriptingTraits (0ms)
		AnalyzeDomain (20ms)
			TypeCache.Refresh (8ms)
				TypeCache.ScanAssembly (0ms)
			ScanForSourceGeneratedMonoScriptInfo (0ms)
			ResolveRequiredComponents (10ms)
	FinalizeReload (7169ms)
		ReleaseScriptCaches (0ms)
		RebuildScriptCaches (0ms)
		SetupLoadedEditorAssemblies (2364ms)
			LogAssemblyErrors (0ms)
			InitializePlatformSupportModulesInManaged (34ms)
			SetLoadedEditorAssemblies (20ms)
			RefreshPlugins (0ms)
			BeforeProcessingInitializeOnLoad (224ms)
			ProcessInitializeOnLoadAttributes (1860ms)
			ProcessInitializeOnLoadMethodAttributes (202ms)
			AfterProcessingInitializeOnLoad (22ms)
			EditorAssembliesLoaded (1ms)
		ExecutionOrderSort2 (0ms)
		AwakeInstancesAfterBackupRestoration (53ms)
Refreshing native plugins compatible for Editor in 11.30 ms, found 3 plugins.
Preloading 0 native plugins for Editor in 0.00 ms.
Unloading 3227 Unused Serialized files (Serialized files now loaded: 0)
Unloading 16 unused Assets / (349.4 KB). Loaded Objects now: 3801.
Memory consumption went from 144.9 MB to 144.6 MB.
Total: 22.186400 ms (FindLiveObjects: 2.156100 ms CreateObjectMapping: 1.138000 ms MarkObjects: 15.749700 ms  DeleteObjects: 3.128200 ms)

Prepare: number of updated asset objects reloaded= 0
AssetImportParameters requested are different than current active one (requested -> active):
  custom:container-demuxer-ogg: 62fdf1f143b41e24485cea50d1cbac27 -> 
  custom:scripting/monoscript/fileName/ExplosionPhysicsForce.cs: 43a2cbc4b7805ea1d00e9b25a4f23a5c -> 99c9bdd3f4711349ea008cc9307354fc
  custom:scripting/monoscript/fileName/SmokeParticles.cs: 965c7beea8e5e7b36429c7dbb4e8a73a -> ae0be802c38d22b76b13deaf32e6b2fa
  custom:video-decoder-ogg-theora: a1e56fd34408186e4bbccfd4996cb3dc -> 
  custom:framework-win-MediaFoundation: 216162199b28c13a410421893ffa2e32 -> 
  custom:scripting/monoscript/fileName/ExtinguishableParticleSystem.cs: 113f8d78b910435e98d9a70bff84f18b -> f8b7119b76e142217ea59caecee08c2d
  custom:CustomObjectIndexerAttribute: 9a22284fe3817be447336de3de66b15e -> 
  custom:container-demuxer-webm: 4f35f7cbe854078d1ac9338744f61a02 -> 
  custom:container-muxer-webm: aa71ff27fc2769a1b78a27578f13a17b -> 
  custom:scripting/monoscript/fileName/ParticleSystemMultiplier.cs: 73e258f149fc72ee6db83a0694cdf954 -> ee9356afc1edd7a7e964bbfaae218d2b
  custom:scripting/monoscript/fileName/Explosive.cs: e75769bd79cff06e2c2c727b5fa241ec -> 3828d6083bb1809dd6ceb0774cff30bf
  custom:video-decoder-webm-vp8: 9c59270c3fd7afecdb556c50c9e8de78 -> 
  custom:SearchIndexIgnoredProperties: e643bd26f0fe6173181afceb89e7c659 -> 
  custom:AudioImporter_EditorPlatform: d09bf68614088b80899f8185d706f6e7 -> 
  custom:scripting/monoscript/fileName/ExplosionFireAndDebris.cs: 50c491679126ebbea3deebc5c25381a4 -> 9c578ebda2ad3c3c3c6c44dce65093e0
  custom:scripting/monoscript/fileName/WaterHoseParticles.cs: c7c0c21d9ffe73d0996d1037b61400a2 -> 86c1b8c19be690fb9367e984ca7a0ab7
  custom:video-encoder-webm-vp8: eb34c28f22e8b96e1ab97ce403110664 -> 
  custom:audio-decoder-ogg-vorbis: bf7c407c2cedff20999df2af8eb42d56 -> 
  custom:scripting/monoscript/fileName/AfterburnerPhysicsForce.cs: 49a61f40a17b98cc369e513889adc4cf -> ea1d2e5ce75d184b47ac9cdb79411e01
  custom:scripting/monoscript/fileName/FireLight.cs: f7b54493553ff0cc1bcc16f06faa5bbd -> b4b66c362b883eb58d7e52f4922a19fc
  custom:audio-encoder-webm-vorbis: bf7c407c2cedff20999df2af8eb42d56 -> 
  custom:scripting/monoscript/fileName/Hose.cs: 41b4c7a6063e80327d0361f2c0ff9df8 -> 1d1751f4f603bc707cbfbd006a3e319e
========================================================================
Received Prepare
Caller must complete domain reload
Begin MonoManager ReloadAssembly
- Loaded All Assemblies, in  1.146 seconds
Native extension for WindowsStandalone target not found
[Package Manager] Server::EnsureServerProcessIsRunning -- launch failed, reason: Unity was launched with the -noUpm command-line argument
[Package Manager] UpmClient::Send -- Unable to send message (not connected to UPM process).
[Package Manager] Cannot connect to Unity Package Manager local server
Mono: successfully reloaded assembly
- Finished resetting the current domain, in  4.377 seconds
Domain Reload Profiling: 5530ms
	BeginReloadAssembly (350ms)
		ExecutionOrderSort (0ms)
		DisableScriptedObjects (9ms)
		BackupInstance (0ms)
		ReleaseScriptingObjects (1ms)
		CreateAndSetChildDomain (89ms)
	RebuildCommonClasses (38ms)
	RebuildNativeTypeToScriptingClass (10ms)
	initialDomainReloadingComplete (32ms)
	LoadAllAssembliesAndSetupDomain (721ms)
		LoadAssemblies (848ms)
		RebuildTransferFunctionScriptingTraits (0ms)
		AnalyzeDomain (54ms)
			TypeCache.Refresh (25ms)
				TypeCache.ScanAssembly (0ms)
			ScanForSourceGeneratedMonoScriptInfo (1ms)
			ResolveRequiredComponents (22ms)
	FinalizeReload (4379ms)
		ReleaseScriptCaches (0ms)
		RebuildScriptCaches (0ms)
		SetupLoadedEditorAssemblies (1392ms)
			LogAssemblyErrors (0ms)
			InitializePlatformSupportModulesInManaged (25ms)
			SetLoadedEditorAssemblies (14ms)
			RefreshPlugins (0ms)
			BeforeProcessingInitializeOnLoad (172ms)
			ProcessInitializeOnLoadAttributes (1101ms)
			ProcessInitializeOnLoadMethodAttributes (65ms)
			AfterProcessingInitializeOnLoad (14ms)
			EditorAssembliesLoaded (1ms)
		ExecutionOrderSort2 (0ms)
		AwakeInstancesAfterBackupRestoration (23ms)
Refreshing native plugins compatible for Editor in 6.87 ms, found 3 plugins.
Preloading 0 native plugins for Editor in 0.00 ms.
Unloading 3227 Unused Serialized files (Serialized files now loaded: 0)
Unloading 16 unused Assets / (349.1 KB). Loaded Objects now: 3804.
Memory consumption went from 145.0 MB to 144.6 MB.
Total: 11.639400 ms (FindLiveObjects: 0.895000 ms CreateObjectMapping: 0.259600 ms MarkObjects: 9.024600 ms  DeleteObjects: 1.457000 ms)

Prepare: number of updated asset objects reloaded= 0
AssetImportParameters requested are different than current active one (requested -> active):
  custom:container-demuxer-ogg: 62fdf1f143b41e24485cea50d1cbac27 -> 
  custom:scripting/monoscript/fileName/ExplosionPhysicsForce.cs: 43a2cbc4b7805ea1d00e9b25a4f23a5c -> 99c9bdd3f4711349ea008cc9307354fc
  custom:scripting/monoscript/fileName/SmokeParticles.cs: 965c7beea8e5e7b36429c7dbb4e8a73a -> ae0be802c38d22b76b13deaf32e6b2fa
  custom:video-decoder-ogg-theora: a1e56fd34408186e4bbccfd4996cb3dc -> 
  custom:framework-win-MediaFoundation: 216162199b28c13a410421893ffa2e32 -> 
  custom:scripting/monoscript/fileName/ExtinguishableParticleSystem.cs: 113f8d78b910435e98d9a70bff84f18b -> f8b7119b76e142217ea59caecee08c2d
  custom:CustomObjectIndexerAttribute: 9a22284fe3817be447336de3de66b15e -> 
  custom:container-demuxer-webm: 4f35f7cbe854078d1ac9338744f61a02 -> 
  custom:container-muxer-webm: aa71ff27fc2769a1b78a27578f13a17b -> 
  custom:scripting/monoscript/fileName/ParticleSystemMultiplier.cs: 73e258f149fc72ee6db83a0694cdf954 -> ee9356afc1edd7a7e964bbfaae218d2b
  custom:scripting/monoscript/fileName/Explosive.cs: e75769bd79cff06e2c2c727b5fa241ec -> 3828d6083bb1809dd6ceb0774cff30bf
  custom:video-decoder-webm-vp8: 9c59270c3fd7afecdb556c50c9e8de78 -> 
  custom:SearchIndexIgnoredProperties: e643bd26f0fe6173181afceb89e7c659 -> 
  custom:AudioImporter_EditorPlatform: d09bf68614088b80899f8185d706f6e7 -> 
  custom:scripting/monoscript/fileName/ExplosionFireAndDebris.cs: 50c491679126ebbea3deebc5c25381a4 -> 9c578ebda2ad3c3c3c6c44dce65093e0
  custom:scripting/monoscript/fileName/WaterHoseParticles.cs: c7c0c21d9ffe73d0996d1037b61400a2 -> 86c1b8c19be690fb9367e984ca7a0ab7
  custom:video-encoder-webm-vp8: eb34c28f22e8b96e1ab97ce403110664 -> 
  custom:audio-decoder-ogg-vorbis: bf7c407c2cedff20999df2af8eb42d56 -> 
  custom:scripting/monoscript/fileName/AfterburnerPhysicsForce.cs: 49a61f40a17b98cc369e513889adc4cf -> ea1d2e5ce75d184b47ac9cdb79411e01
  custom:scripting/monoscript/fileName/FireLight.cs: f7b54493553ff0cc1bcc16f06faa5bbd -> b4b66c362b883eb58d7e52f4922a19fc
  custom:audio-encoder-webm-vorbis: bf7c407c2cedff20999df2af8eb42d56 -> 
  custom:scripting/monoscript/fileName/Hose.cs: 41b4c7a6063e80327d0361f2c0ff9df8 -> 1d1751f4f603bc707cbfbd006a3e319e
========================================================================
Received Prepare
Caller must complete domain reload
Begin MonoManager ReloadAssembly
- Loaded All Assemblies, in  0.540 seconds
Native extension for WindowsStandalone target not found
[Package Manager] Server::EnsureServerProcessIsRunning -- launch failed, reason: Unity was launched with the -noUpm command-line argument
[Package Manager] UpmClient::Send -- Unable to send message (not connected to UPM process).
[Package Manager] Cannot connect to Unity Package Manager local server
Mono: successfully reloaded assembly
- Finished resetting the current domain, in  3.031 seconds
Domain Reload Profiling: 3570ms
	BeginReloadAssembly (170ms)
		ExecutionOrderSort (0ms)
		DisableScriptedObjects (6ms)
		BackupInstance (0ms)
		ReleaseScriptingObjects (0ms)
		CreateAndSetChildDomain (32ms)
	RebuildCommonClasses (34ms)
	RebuildNativeTypeToScriptingClass (13ms)
	initialDomainReloadingComplete (39ms)
	LoadAllAssembliesAndSetupDomain (283ms)
		LoadAssemblies (339ms)
		RebuildTransferFunctionScriptingTraits (0ms)
		AnalyzeDomain (39ms)
			TypeCache.Refresh (27ms)
				TypeCache.ScanAssembly (0ms)
			ScanForSourceGeneratedMonoScriptInfo (0ms)
			ResolveRequiredComponents (10ms)
	FinalizeReload (3032ms)
		ReleaseScriptCaches (0ms)
		RebuildScriptCaches (0ms)
		SetupLoadedEditorAssemblies (1081ms)
			LogAssemblyErrors (0ms)
			InitializePlatformSupportModulesInManaged (12ms)
			SetLoadedEditorAssemblies (8ms)
			RefreshPlugins (0ms)
			BeforeProcessingInitializeOnLoad (150ms)
			ProcessInitializeOnLoadAttributes (846ms)
			ProcessInitializeOnLoadMethodAttributes (54ms)
			AfterProcessingInitializeOnLoad (11ms)
			EditorAssembliesLoaded (0ms)
		ExecutionOrderSort2 (0ms)
		AwakeInstancesAfterBackupRestoration (13ms)
Refreshing native plugins compatible for Editor in 7.96 ms, found 3 plugins.
Preloading 0 native plugins for Editor in 0.00 ms.
Unloading 3227 Unused Serialized files (Serialized files now loaded: 0)
Unloading 16 unused Assets / (381.8 KB). Loaded Objects now: 3807.
Memory consumption went from 145.0 MB to 144.6 MB.
Total: 9.495100 ms (FindLiveObjects: 0.551100 ms CreateObjectMapping: 0.276500 ms MarkObjects: 7.860400 ms  DeleteObjects: 0.804400 ms)

Prepare: number of updated asset objects reloaded= 0
AssetImportParameters requested are different than current active one (requested -> active):
  custom:container-demuxer-ogg: 62fdf1f143b41e24485cea50d1cbac27 -> 
  custom:scripting/monoscript/fileName/ExplosionPhysicsForce.cs: 43a2cbc4b7805ea1d00e9b25a4f23a5c -> 99c9bdd3f4711349ea008cc9307354fc
  custom:scripting/monoscript/fileName/SmokeParticles.cs: 965c7beea8e5e7b36429c7dbb4e8a73a -> ae0be802c38d22b76b13deaf32e6b2fa
  custom:video-decoder-ogg-theora: a1e56fd34408186e4bbccfd4996cb3dc -> 
  custom:framework-win-MediaFoundation: 216162199b28c13a410421893ffa2e32 -> 
  custom:scripting/monoscript/fileName/ExtinguishableParticleSystem.cs: 113f8d78b910435e98d9a70bff84f18b -> f8b7119b76e142217ea59caecee08c2d
  custom:CustomObjectIndexerAttribute: 9a22284fe3817be447336de3de66b15e -> 
  custom:container-demuxer-webm: 4f35f7cbe854078d1ac9338744f61a02 -> 
  custom:container-muxer-webm: aa71ff27fc2769a1b78a27578f13a17b -> 
  custom:scripting/monoscript/fileName/ParticleSystemMultiplier.cs: 73e258f149fc72ee6db83a0694cdf954 -> ee9356afc1edd7a7e964bbfaae218d2b
  custom:scripting/monoscript/fileName/Explosive.cs: e75769bd79cff06e2c2c727b5fa241ec -> 3828d6083bb1809dd6ceb0774cff30bf
  custom:video-decoder-webm-vp8: 9c59270c3fd7afecdb556c50c9e8de78 -> 
  custom:SearchIndexIgnoredProperties: e643bd26f0fe6173181afceb89e7c659 -> 
  custom:AudioImporter_EditorPlatform: d09bf68614088b80899f8185d706f6e7 -> 
  custom:scripting/monoscript/fileName/ExplosionFireAndDebris.cs: 50c491679126ebbea3deebc5c25381a4 -> 9c578ebda2ad3c3c3c6c44dce65093e0
  custom:scripting/monoscript/fileName/WaterHoseParticles.cs: c7c0c21d9ffe73d0996d1037b61400a2 -> 86c1b8c19be690fb9367e984ca7a0ab7
  custom:video-encoder-webm-vp8: eb34c28f22e8b96e1ab97ce403110664 -> 
  custom:audio-decoder-ogg-vorbis: bf7c407c2cedff20999df2af8eb42d56 -> 
  custom:scripting/monoscript/fileName/AfterburnerPhysicsForce.cs: 49a61f40a17b98cc369e513889adc4cf -> ea1d2e5ce75d184b47ac9cdb79411e01
  custom:scripting/monoscript/fileName/FireLight.cs: f7b54493553ff0cc1bcc16f06faa5bbd -> b4b66c362b883eb58d7e52f4922a19fc
  custom:audio-encoder-webm-vorbis: bf7c407c2cedff20999df2af8eb42d56 -> 
  custom:scripting/monoscript/fileName/Hose.cs: 41b4c7a6063e80327d0361f2c0ff9df8 -> 1d1751f4f603bc707cbfbd006a3e319e
========================================================================
Received Prepare
Caller must complete domain reload
Begin MonoManager ReloadAssembly
- Loaded All Assemblies, in  1.531 seconds
Native extension for WindowsStandalone target not found
[Package Manager] Server::EnsureServerProcessIsRunning -- launch failed, reason: Unity was launched with the -noUpm command-line argument
[Package Manager] UpmClient::Send -- Unable to send message (not connected to UPM process).
[Package Manager] Cannot connect to Unity Package Manager local server
Mono: successfully reloaded assembly
- Finished resetting the current domain, in  4.961 seconds
Domain Reload Profiling: 6521ms
	BeginReloadAssembly (333ms)
		ExecutionOrderSort (0ms)
		DisableScriptedObjects (11ms)
		BackupInstance (0ms)
		ReleaseScriptingObjects (0ms)
		CreateAndSetChildDomain (87ms)
	RebuildCommonClasses (40ms)
	RebuildNativeTypeToScriptingClass (11ms)
	initialDomainReloadingComplete (39ms)
	LoadAllAssembliesAndSetupDomain (1136ms)
		LoadAssemblies (1182ms)
		RebuildTransferFunctionScriptingTraits (0ms)
		AnalyzeDomain (76ms)
			TypeCache.Refresh (36ms)
				TypeCache.ScanAssembly (0ms)
			ScanForSourceGeneratedMonoScriptInfo (1ms)
			ResolveRequiredComponents (33ms)
	FinalizeReload (4962ms)
		ReleaseScriptCaches (0ms)
		RebuildScriptCaches (0ms)
		SetupLoadedEditorAssemblies (1328ms)
			LogAssemblyErrors (0ms)
			InitializePlatformSupportModulesInManaged (16ms)
			SetLoadedEditorAssemblies (8ms)
			RefreshPlugins (0ms)
			BeforeProcessingInitializeOnLoad (157ms)
			ProcessInitializeOnLoadAttributes (1064ms)
			ProcessInitializeOnLoadMethodAttributes (65ms)
			AfterProcessingInitializeOnLoad (16ms)
			EditorAssembliesLoaded (1ms)
		ExecutionOrderSort2 (0ms)
		AwakeInstancesAfterBackupRestoration (18ms)
Refreshing native plugins compatible for Editor in 11.51 ms, found 3 plugins.
Preloading 0 native plugins for Editor in 0.00 ms.
Unloading 3227 Unused Serialized files (Serialized files now loaded: 0)
Unloading 16 unused Assets / (349.2 KB). Loaded Objects now: 3810.
Memory consumption went from 145.0 MB to 144.6 MB.
Total: 9.225900 ms (FindLiveObjects: 0.645900 ms CreateObjectMapping: 0.433900 ms MarkObjects: 7.408300 ms  DeleteObjects: 0.734100 ms)

Prepare: number of updated asset objects reloaded= 0
AssetImportParameters requested are different than current active one (requested -> active):
  custom:container-demuxer-ogg: 62fdf1f143b41e24485cea50d1cbac27 -> 
  custom:scripting/monoscript/fileName/ExplosionPhysicsForce.cs: 43a2cbc4b7805ea1d00e9b25a4f23a5c -> 99c9bdd3f4711349ea008cc9307354fc
  custom:scripting/monoscript/fileName/SmokeParticles.cs: 965c7beea8e5e7b36429c7dbb4e8a73a -> ae0be802c38d22b76b13deaf32e6b2fa
  custom:video-decoder-ogg-theora: a1e56fd34408186e4bbccfd4996cb3dc -> 
  custom:framework-win-MediaFoundation: 216162199b28c13a410421893ffa2e32 -> 
  custom:scripting/monoscript/fileName/ExtinguishableParticleSystem.cs: 113f8d78b910435e98d9a70bff84f18b -> f8b7119b76e142217ea59caecee08c2d
  custom:CustomObjectIndexerAttribute: 9a22284fe3817be447336de3de66b15e -> 
  custom:container-demuxer-webm: 4f35f7cbe854078d1ac9338744f61a02 -> 
  custom:container-muxer-webm: aa71ff27fc2769a1b78a27578f13a17b -> 
  custom:scripting/monoscript/fileName/ParticleSystemMultiplier.cs: 73e258f149fc72ee6db83a0694cdf954 -> ee9356afc1edd7a7e964bbfaae218d2b
  custom:scripting/monoscript/fileName/Explosive.cs: e75769bd79cff06e2c2c727b5fa241ec -> 3828d6083bb1809dd6ceb0774cff30bf
  custom:video-decoder-webm-vp8: 9c59270c3fd7afecdb556c50c9e8de78 -> 
  custom:SearchIndexIgnoredProperties: e643bd26f0fe6173181afceb89e7c659 -> 
  custom:AudioImporter_EditorPlatform: d09bf68614088b80899f8185d706f6e7 -> 
  custom:scripting/monoscript/fileName/ExplosionFireAndDebris.cs: 50c491679126ebbea3deebc5c25381a4 -> 9c578ebda2ad3c3c3c6c44dce65093e0
  custom:scripting/monoscript/fileName/WaterHoseParticles.cs: c7c0c21d9ffe73d0996d1037b61400a2 -> 86c1b8c19be690fb9367e984ca7a0ab7
  custom:video-encoder-webm-vp8: eb34c28f22e8b96e1ab97ce403110664 -> 
  custom:audio-decoder-ogg-vorbis: bf7c407c2cedff20999df2af8eb42d56 -> 
  custom:scripting/monoscript/fileName/AfterburnerPhysicsForce.cs: 49a61f40a17b98cc369e513889adc4cf -> ea1d2e5ce75d184b47ac9cdb79411e01
  custom:scripting/monoscript/fileName/FireLight.cs: f7b54493553ff0cc1bcc16f06faa5bbd -> b4b66c362b883eb58d7e52f4922a19fc
  custom:audio-encoder-webm-vorbis: bf7c407c2cedff20999df2af8eb42d56 -> 
  custom:scripting/monoscript/fileName/Hose.cs: 41b4c7a6063e80327d0361f2c0ff9df8 -> 1d1751f4f603bc707cbfbd006a3e319e
========================================================================
Received Import Request.
  Time since last request: 4545.738359 seconds.
  path: Assets/TreasureChest/Models/chestFinal_1.FBX
  artifactKey: Guid(6e81422c4dbcb1345b0cd4e9ffaceba3) Importer(815301076,1909f56bfc062723c751e8b465ee728b)
Start importing Assets/TreasureChest/Models/chestFinal_1.FBX using Guid(6e81422c4dbcb1345b0cd4e9ffaceba3) Importer(815301076,1909f56bfc062723c751e8b465ee728b) [PhysX] Initialized MultithreadedTaskDispatcher with 12 workers.
[PhysX] Initialized MultithreadedTaskDispatcher with 12 workers.
[PhysX] Initialized MultithreadedTaskDispatcher with 12 workers.
[PhysX] Initialized MultithreadedTaskDispatcher with 12 workers.
[PhysX] Initialized MultithreadedTaskDispatcher with 12 workers.
[PhysX] Initialized MultithreadedTaskDispatcher with 12 workers.
[PhysX] Initialized MultithreadedTaskDispatcher with 12 workers.
[PhysX] Initialized MultithreadedTaskDispatcher with 12 workers.
[PhysX] Initialized MultithreadedTaskDispatcher with 12 workers.
[PhysX] Initialized MultithreadedTaskDispatcher with 12 workers.
 -> (artifact id: '8762113fe4e0eece55290db08556faec') in 2.718974 seconds
Number of updated asset objects reloaded before import = 0
Number of asset objects unloaded after import = 31
========================================================================
Received Prepare
Caller must complete domain reload
Begin MonoManager ReloadAssembly
- Loaded All Assemblies, in  1.627 seconds
Native extension for WindowsStandalone target not found
[Package Manager] Server::EnsureServerProcessIsRunning -- launch failed, reason: Unity was launched with the -noUpm command-line argument
[Package Manager] UpmClient::Send -- Unable to send message (not connected to UPM process).
[Package Manager] Cannot connect to Unity Package Manager local server
Mono: successfully reloaded assembly
- Finished resetting the current domain, in  2.742 seconds
Domain Reload Profiling: 4391ms
	BeginReloadAssembly (537ms)
		ExecutionOrderSort (0ms)
		DisableScriptedObjects (21ms)
		BackupInstance (0ms)
		ReleaseScriptingObjects (1ms)
		CreateAndSetChildDomain (180ms)
	RebuildCommonClasses (54ms)
	RebuildNativeTypeToScriptingClass (11ms)
	initialDomainReloadingComplete (61ms)
	LoadAllAssembliesAndSetupDomain (984ms)
		LoadAssemblies (1161ms)
		RebuildTransferFunctionScriptingTraits (0ms)
		AnalyzeDomain (60ms)
			TypeCache.Refresh (29ms)
				TypeCache.ScanAssembly (1ms)
			ScanForSourceGeneratedMonoScriptInfo (18ms)
			ResolveRequiredComponents (12ms)
	FinalizeReload (2744ms)
		ReleaseScriptCaches (0ms)
		RebuildScriptCaches (0ms)
		SetupLoadedEditorAssemblies (718ms)
			LogAssemblyErrors (0ms)
			InitializePlatformSupportModulesInManaged (14ms)
			SetLoadedEditorAssemblies (12ms)
			RefreshPlugins (0ms)
			BeforeProcessingInitializeOnLoad (125ms)
			ProcessInitializeOnLoadAttributes (536ms)
			ProcessInitializeOnLoadMethodAttributes (26ms)
			AfterProcessingInitializeOnLoad (5ms)
			EditorAssembliesLoaded (0ms)
		ExecutionOrderSort2 (0ms)
		AwakeInstancesAfterBackupRestoration (8ms)
Refreshing native plugins compatible for Editor in 3.22 ms, found 3 plugins.
Preloading 0 native plugins for Editor in 0.00 ms.
Unloading 3227 Unused Serialized files (Serialized files now loaded: 0)
Unloading 16 unused Assets / (373.5 KB). Loaded Objects now: 3817.
Memory consumption went from 145.0 MB to 144.6 MB.
Total: 17.893400 ms (FindLiveObjects: 0.842700 ms CreateObjectMapping: 0.279000 ms MarkObjects: 15.883200 ms  DeleteObjects: 0.885900 ms)

Prepare: number of updated asset objects reloaded= 0
AssetImportParameters requested are different than current active one (requested -> active):
  custom:container-demuxer-ogg: 62fdf1f143b41e24485cea50d1cbac27 -> 
  custom:scripting/monoscript/fileName/ExplosionPhysicsForce.cs: 43a2cbc4b7805ea1d00e9b25a4f23a5c -> 99c9bdd3f4711349ea008cc9307354fc
  custom:scripting/monoscript/fileName/SmokeParticles.cs: 965c7beea8e5e7b36429c7dbb4e8a73a -> ae0be802c38d22b76b13deaf32e6b2fa
  custom:video-decoder-ogg-theora: a1e56fd34408186e4bbccfd4996cb3dc -> 
  custom:framework-win-MediaFoundation: 216162199b28c13a410421893ffa2e32 -> 
  custom:scripting/monoscript/fileName/ExtinguishableParticleSystem.cs: 113f8d78b910435e98d9a70bff84f18b -> f8b7119b76e142217ea59caecee08c2d
  custom:CustomObjectIndexerAttribute: 9a22284fe3817be447336de3de66b15e -> 
  custom:container-demuxer-webm: 4f35f7cbe854078d1ac9338744f61a02 -> 
  custom:container-muxer-webm: aa71ff27fc2769a1b78a27578f13a17b -> 
  custom:scripting/monoscript/fileName/ParticleSystemMultiplier.cs: 73e258f149fc72ee6db83a0694cdf954 -> ee9356afc1edd7a7e964bbfaae218d2b
  custom:scripting/monoscript/fileName/Explosive.cs: e75769bd79cff06e2c2c727b5fa241ec -> 3828d6083bb1809dd6ceb0774cff30bf
  custom:video-decoder-webm-vp8: 9c59270c3fd7afecdb556c50c9e8de78 -> 
  custom:SearchIndexIgnoredProperties: e643bd26f0fe6173181afceb89e7c659 -> 
  custom:AudioImporter_EditorPlatform: d09bf68614088b80899f8185d706f6e7 -> 
  custom:scripting/monoscript/fileName/ExplosionFireAndDebris.cs: 50c491679126ebbea3deebc5c25381a4 -> 9c578ebda2ad3c3c3c6c44dce65093e0
  custom:scripting/monoscript/fileName/WaterHoseParticles.cs: c7c0c21d9ffe73d0996d1037b61400a2 -> 86c1b8c19be690fb9367e984ca7a0ab7
  custom:video-encoder-webm-vp8: eb34c28f22e8b96e1ab97ce403110664 -> 
  custom:audio-decoder-ogg-vorbis: bf7c407c2cedff20999df2af8eb42d56 -> 
  custom:scripting/monoscript/fileName/AfterburnerPhysicsForce.cs: 49a61f40a17b98cc369e513889adc4cf -> ea1d2e5ce75d184b47ac9cdb79411e01
  custom:scripting/monoscript/fileName/FireLight.cs: f7b54493553ff0cc1bcc16f06faa5bbd -> b4b66c362b883eb58d7e52f4922a19fc
  custom:audio-encoder-webm-vorbis: bf7c407c2cedff20999df2af8eb42d56 -> 
  custom:scripting/monoscript/fileName/Rotate.cs: 0640615e68ae415c8adb0535396b225d -> 
  custom:scripting/precompiled-assembly-types:Assembly-CSharp: 1a311e1f9284b7ebdd93bb87776129dc -> edc9c6dab87ad5611a259794e3d0fa9b
  custom:scripting/monoscript/fileName/Hose.cs: 41b4c7a6063e80327d0361f2c0ff9df8 -> 1d1751f4f603bc707cbfbd006a3e319e
========================================================================
Received Import Request.
  Time since last request: 161.379479 seconds.
  path: Assets/Scripts/Rotate.cs
  artifactKey: Guid(fb21fb2b82f7bb444ad5affcace61091) Importer(815301076,1909f56bfc062723c751e8b465ee728b)
Start importing Assets/Scripts/Rotate.cs using Guid(fb21fb2b82f7bb444ad5affcace61091) Importer(815301076,1909f56bfc062723c751e8b465ee728b) [PhysX] Initialized MultithreadedTaskDispatcher with 12 workers.
 -> (artifact id: '894b9ae4d6e5dc99c915e05317acda2d') in 0.002545 seconds
Number of updated asset objects reloaded before import = 0
Number of asset objects unloaded after import = 0
========================================================================
Received Prepare
Caller must complete domain reload
Begin MonoManager ReloadAssembly
- Loaded All Assemblies, in  0.525 seconds
Native extension for WindowsStandalone target not found
[Package Manager] Server::EnsureServerProcessIsRunning -- launch failed, reason: Unity was launched with the -noUpm command-line argument
[Package Manager] UpmClient::Send -- Unable to send message (not connected to UPM process).
[Package Manager] Cannot connect to Unity Package Manager local server
Mono: successfully reloaded assembly
- Finished resetting the current domain, in  1.533 seconds
Domain Reload Profiling: 2055ms
	BeginReloadAssembly (181ms)
		ExecutionOrderSort (0ms)
		DisableScriptedObjects (3ms)
		BackupInstance (0ms)
		ReleaseScriptingObjects (0ms)
		CreateAndSetChildDomain (40ms)
	RebuildCommonClasses (41ms)
	RebuildNativeTypeToScriptingClass (10ms)
	initialDomainReloadingComplete (25ms)
	LoadAllAssembliesAndSetupDomain (265ms)
		LoadAssemblies (355ms)
		RebuildTransferFunctionScriptingTraits (0ms)
		AnalyzeDomain (15ms)
			TypeCache.Refresh (6ms)
				TypeCache.ScanAssembly (0ms)
			ScanForSourceGeneratedMonoScriptInfo (0ms)
			ResolveRequiredComponents (6ms)
	FinalizeReload (1534ms)
		ReleaseScriptCaches (0ms)
		RebuildScriptCaches (0ms)
		SetupLoadedEditorAssemblies (1010ms)
			LogAssemblyErrors (0ms)
			InitializePlatformSupportModulesInManaged (5ms)
			SetLoadedEditorAssemblies (2ms)
			RefreshPlugins (0ms)
			BeforeProcessingInitializeOnLoad (67ms)
			ProcessInitializeOnLoadAttributes (853ms)
			ProcessInitializeOnLoadMethodAttributes (68ms)
			AfterProcessingInitializeOnLoad (14ms)
			EditorAssembliesLoaded (0ms)
		ExecutionOrderSort2 (0ms)
		AwakeInstancesAfterBackupRestoration (12ms)
Refreshing native plugins compatible for Editor in 4.62 ms, found 3 plugins.
Preloading 0 native plugins for Editor in 0.00 ms.
Unloading 3227 Unused Serialized files (Serialized files now loaded: 0)
Unloading 16 unused Assets / (357.4 KB). Loaded Objects now: 3820.
Memory consumption went from 144.9 MB to 144.6 MB.
Total: 11.383300 ms (FindLiveObjects: 1.339400 ms CreateObjectMapping: 1.422400 ms MarkObjects: 7.664000 ms  DeleteObjects: 0.951700 ms)

Prepare: number of updated asset objects reloaded= 0
AssetImportParameters requested are different than current active one (requested -> active):
  custom:container-demuxer-ogg: 62fdf1f143b41e24485cea50d1cbac27 -> 
  custom:scripting/monoscript/fileName/ExplosionPhysicsForce.cs: 43a2cbc4b7805ea1d00e9b25a4f23a5c -> 99c9bdd3f4711349ea008cc9307354fc
  custom:scripting/monoscript/fileName/SmokeParticles.cs: 965c7beea8e5e7b36429c7dbb4e8a73a -> ae0be802c38d22b76b13deaf32e6b2fa
  custom:video-decoder-ogg-theora: a1e56fd34408186e4bbccfd4996cb3dc -> 
  custom:framework-win-MediaFoundation: 216162199b28c13a410421893ffa2e32 -> 
  custom:scripting/monoscript/fileName/ExtinguishableParticleSystem.cs: 113f8d78b910435e98d9a70bff84f18b -> f8b7119b76e142217ea59caecee08c2d
  custom:CustomObjectIndexerAttribute: 9a22284fe3817be447336de3de66b15e -> 
  custom:container-demuxer-webm: 4f35f7cbe854078d1ac9338744f61a02 -> 
  custom:container-muxer-webm: aa71ff27fc2769a1b78a27578f13a17b -> 
  custom:scripting/monoscript/fileName/ParticleSystemMultiplier.cs: 73e258f149fc72ee6db83a0694cdf954 -> ee9356afc1edd7a7e964bbfaae218d2b
  custom:scripting/monoscript/fileName/Explosive.cs: e75769bd79cff06e2c2c727b5fa241ec -> 3828d6083bb1809dd6ceb0774cff30bf
  custom:video-decoder-webm-vp8: 9c59270c3fd7afecdb556c50c9e8de78 -> 
  custom:SearchIndexIgnoredProperties: e643bd26f0fe6173181afceb89e7c659 -> 
  custom:AudioImporter_EditorPlatform: d09bf68614088b80899f8185d706f6e7 -> 
  custom:scripting/monoscript/fileName/ExplosionFireAndDebris.cs: 50c491679126ebbea3deebc5c25381a4 -> 9c578ebda2ad3c3c3c6c44dce65093e0
  custom:scripting/monoscript/fileName/WaterHoseParticles.cs: c7c0c21d9ffe73d0996d1037b61400a2 -> 86c1b8c19be690fb9367e984ca7a0ab7
  custom:video-encoder-webm-vp8: eb34c28f22e8b96e1ab97ce403110664 -> 
  custom:audio-decoder-ogg-vorbis: bf7c407c2cedff20999df2af8eb42d56 -> 
  custom:scripting/monoscript/fileName/AfterburnerPhysicsForce.cs: 49a61f40a17b98cc369e513889adc4cf -> ea1d2e5ce75d184b47ac9cdb79411e01
  custom:scripting/monoscript/fileName/FireLight.cs: f7b54493553ff0cc1bcc16f06faa5bbd -> b4b66c362b883eb58d7e52f4922a19fc
  custom:audio-encoder-webm-vorbis: bf7c407c2cedff20999df2af8eb42d56 -> 
  custom:scripting/monoscript/fileName/Rotate.cs: 0640615e68ae415c8adb0535396b225d -> 
  custom:scripting/precompiled-assembly-types:Assembly-CSharp: 1a311e1f9284b7ebdd93bb87776129dc -> edc9c6dab87ad5611a259794e3d0fa9b
  custom:scripting/monoscript/fileName/Hose.cs: 41b4c7a6063e80327d0361f2c0ff9df8 -> 1d1751f4f603bc707cbfbd006a3e319e
========================================================================
Received Prepare
Caller must complete domain reload
Begin MonoManager ReloadAssembly
- Loaded All Assemblies, in  0.447 seconds
Native extension for WindowsStandalone target not found
[Package Manager] Server::EnsureServerProcessIsRunning -- launch failed, reason: Unity was launched with the -noUpm command-line argument
[Package Manager] UpmClient::Send -- Unable to send message (not connected to UPM process).
[Package Manager] Cannot connect to Unity Package Manager local server
Mono: successfully reloaded assembly
- Finished resetting the current domain, in  1.756 seconds
Domain Reload Profiling: 2202ms
	BeginReloadAssembly (146ms)
		ExecutionOrderSort (0ms)
		DisableScriptedObjects (3ms)
		BackupInstance (0ms)
		ReleaseScriptingObjects (0ms)
		CreateAndSetChildDomain (41ms)
	RebuildCommonClasses (29ms)
	RebuildNativeTypeToScriptingClass (8ms)
	initialDomainReloadingComplete (27ms)
	LoadAllAssembliesAndSetupDomain (236ms)
		LoadAssemblies (291ms)
		RebuildTransferFunctionScriptingTraits (0ms)
		AnalyzeDomain (18ms)
			TypeCache.Refresh (6ms)
				TypeCache.ScanAssembly (0ms)
			ScanForSourceGeneratedMonoScriptInfo (0ms)
			ResolveRequiredComponents (8ms)
	FinalizeReload (1757ms)
		ReleaseScriptCaches (0ms)
		RebuildScriptCaches (0ms)
		SetupLoadedEditorAssemblies (1184ms)
			LogAssemblyErrors (0ms)
			InitializePlatformSupportModulesInManaged (9ms)
			SetLoadedEditorAssemblies (4ms)
			RefreshPlugins (0ms)
			BeforeProcessingInitializeOnLoad (128ms)
			ProcessInitializeOnLoadAttributes (976ms)
			ProcessInitializeOnLoadMethodAttributes (53ms)
			AfterProcessingInitializeOnLoad (15ms)
			EditorAssembliesLoaded (0ms)
		ExecutionOrderSort2 (0ms)
		AwakeInstancesAfterBackupRestoration (17ms)
Refreshing native plugins compatible for Editor in 7.88 ms, found 3 plugins.
Preloading 0 native plugins for Editor in 0.00 ms.
Unloading 3228 Unused Serialized files (Serialized files now loaded: 0)
Unloading 16 unused Assets / (349.4 KB). Loaded Objects now: 3823.
Memory consumption went from 145.2 MB to 144.9 MB.
Total: 5.873500 ms (FindLiveObjects: 0.483700 ms CreateObjectMapping: 0.166100 ms MarkObjects: 4.645200 ms  DeleteObjects: 0.575200 ms)

Prepare: number of updated asset objects reloaded= 0
AssetImportParameters requested are different than current active one (requested -> active):
  custom:container-demuxer-ogg: 62fdf1f143b41e24485cea50d1cbac27 -> 
  custom:scripting/monoscript/fileName/ExplosionPhysicsForce.cs: 43a2cbc4b7805ea1d00e9b25a4f23a5c -> 99c9bdd3f4711349ea008cc9307354fc
  custom:scripting/monoscript/fileName/SmokeParticles.cs: 965c7beea8e5e7b36429c7dbb4e8a73a -> ae0be802c38d22b76b13deaf32e6b2fa
  custom:video-decoder-ogg-theora: a1e56fd34408186e4bbccfd4996cb3dc -> 
  custom:framework-win-MediaFoundation: 216162199b28c13a410421893ffa2e32 -> 
  custom:scripting/monoscript/fileName/ExtinguishableParticleSystem.cs: 113f8d78b910435e98d9a70bff84f18b -> f8b7119b76e142217ea59caecee08c2d
  custom:CustomObjectIndexerAttribute: 9a22284fe3817be447336de3de66b15e -> 
  custom:container-demuxer-webm: 4f35f7cbe854078d1ac9338744f61a02 -> 
  custom:container-muxer-webm: aa71ff27fc2769a1b78a27578f13a17b -> 
  custom:scripting/monoscript/fileName/ParticleSystemMultiplier.cs: 73e258f149fc72ee6db83a0694cdf954 -> ee9356afc1edd7a7e964bbfaae218d2b
  custom:scripting/monoscript/fileName/Explosive.cs: e75769bd79cff06e2c2c727b5fa241ec -> 3828d6083bb1809dd6ceb0774cff30bf
  custom:video-decoder-webm-vp8: 9c59270c3fd7afecdb556c50c9e8de78 -> 
  custom:SearchIndexIgnoredProperties: e643bd26f0fe6173181afceb89e7c659 -> 
  custom:AudioImporter_EditorPlatform: d09bf68614088b80899f8185d706f6e7 -> 
  custom:scripting/monoscript/fileName/ExplosionFireAndDebris.cs: 50c491679126ebbea3deebc5c25381a4 -> 9c578ebda2ad3c3c3c6c44dce65093e0
  custom:scripting/monoscript/fileName/WaterHoseParticles.cs: c7c0c21d9ffe73d0996d1037b61400a2 -> 86c1b8c19be690fb9367e984ca7a0ab7
  custom:video-encoder-webm-vp8: eb34c28f22e8b96e1ab97ce403110664 -> 
  custom:audio-decoder-ogg-vorbis: bf7c407c2cedff20999df2af8eb42d56 -> 
  custom:scripting/monoscript/fileName/AfterburnerPhysicsForce.cs: 49a61f40a17b98cc369e513889adc4cf -> ea1d2e5ce75d184b47ac9cdb79411e01
  custom:scripting/monoscript/fileName/FireLight.cs: f7b54493553ff0cc1bcc16f06faa5bbd -> b4b66c362b883eb58d7e52f4922a19fc
  custom:audio-encoder-webm-vorbis: bf7c407c2cedff20999df2af8eb42d56 -> 
  custom:scripting/monoscript/fileName/Rotate.cs: 0640615e68ae415c8adb0535396b225d -> 
  custom:scripting/precompiled-assembly-types:Assembly-CSharp: 1a311e1f9284b7ebdd93bb87776129dc -> edc9c6dab87ad5611a259794e3d0fa9b
  custom:scripting/monoscript/fileName/Hose.cs: 41b4c7a6063e80327d0361f2c0ff9df8 -> 1d1751f4f603bc707cbfbd006a3e319e
