Using pre-set license
Built from '2022.3/staging' branch; Version is '2022.3.46f1 (8e9b8558c41a) revision 9345925'; Using compiler version '192829333'; Build Type 'Release'
OS: 'Windows 11  (10.0.22631) 64bit Core' Language: 'en' Physical Memory: 7885 MB
BatchMode: 1, IsHumanControllingUs: 0, StartBugReporterOnCrash: 0, Is64bit: 1, IsPro: 1

COMMAND LINE ARGUMENTS:
C:\Program Files\Unity\Hub\Editor\2022.3.46f1\Editor\Unity.exe
-adb2
-batchMode
-noUpm
-name
AssetImportWorker8
-projectPath
C:/Users/Kaho/CA1
-logFile
Logs/AssetImportWorker8.log
-srvPort
50533
Successfully changed project path to: C:/Users/Kaho/CA1
C:/Users/Kaho/CA1
[UnityMemory] Configuration Parameters - Can be set up in boot.config
    "memorysetup-bucket-allocator-granularity=16"
    "memorysetup-bucket-allocator-bucket-count=8"
    "memorysetup-bucket-allocator-block-size=33554432"
    "memorysetup-bucket-allocator-block-count=8"
    "memorysetup-main-allocator-block-size=16777216"
    "memorysetup-thread-allocator-block-size=16777216"
    "memorysetup-gfx-main-allocator-block-size=16777216"
    "memorysetup-gfx-thread-allocator-block-size=16777216"
    "memorysetup-cache-allocator-block-size=4194304"
    "memorysetup-typetree-allocator-block-size=2097152"
    "memorysetup-profiler-bucket-allocator-granularity=16"
    "memorysetup-profiler-bucket-allocator-bucket-count=8"
    "memorysetup-profiler-bucket-allocator-block-size=33554432"
    "memorysetup-profiler-bucket-allocator-block-count=8"
    "memorysetup-profiler-allocator-block-size=16777216"
    "memorysetup-profiler-editor-allocator-block-size=1048576"
    "memorysetup-temp-allocator-size-main=16777216"
    "memorysetup-job-temp-allocator-block-size=2097152"
    "memorysetup-job-temp-allocator-block-size-background=1048576"
    "memorysetup-job-temp-allocator-reduction-small-platforms=262144"
    "memorysetup-allocator-temp-initial-block-size-main=262144"
    "memorysetup-allocator-temp-initial-block-size-worker=262144"
    "memorysetup-temp-allocator-size-background-worker=32768"
    "memorysetup-temp-allocator-size-job-worker=262144"
    "memorysetup-temp-allocator-size-preload-manager=33554432"
    "memorysetup-temp-allocator-size-nav-mesh-worker=65536"
    "memorysetup-temp-allocator-size-audio-worker=65536"
    "memorysetup-temp-allocator-size-cloud-worker=32768"
    "memorysetup-temp-allocator-size-gi-baking-worker=262144"
    "memorysetup-temp-allocator-size-gfx=262144"
Player connection [7080]  Target information:

Player connection [7080]  * "[IP] 192.168.105.215 [Port] 0 [Flags] 2 [Guid] 640407212 [EditorId] 640407212 [Version] 1048832 [Id] WindowsEditor(7,KaYe) [Debug] 1 [PackageName] WindowsEditor [ProjectName] Editor" 

Player connection [7080] Host joined multi-casting on [225.0.0.222:54997]...
Player connection [7080] Host joined alternative multi-casting on [225.0.0.222:34997]...
[PhysX] Initialized MultithreadedTaskDispatcher with 12 workers.
Refreshing native plugins compatible for Editor in 66.46 ms, found 3 plugins.
Preloading 0 native plugins for Editor in 0.00 ms.
Initialize engine version: 2022.3.46f1 (8e9b8558c41a)
[Subsystems] Discovering subsystems at path C:/Program Files/Unity/Hub/Editor/2022.3.46f1/Editor/Data/Resources/UnitySubsystems
[Subsystems] Discovering subsystems at path C:/Users/Kaho/CA1/Assets
GfxDevice: creating device client; threaded=0; jobified=0
Direct3D:
    Version:  Direct3D 11.0 [level 11.1]
    Renderer: Intel(R) UHD Graphics (ID=0x4628)
    Vendor:   Intel
    VRAM:     3942 MB
    Driver:   31.0.101.4255
Initialize mono
Mono path[0] = 'C:/Program Files/Unity/Hub/Editor/2022.3.46f1/Editor/Data/Managed'
Mono path[1] = 'C:/Program Files/Unity/Hub/Editor/2022.3.46f1/Editor/Data/MonoBleedingEdge/lib/mono/unityjit-win32'
Mono config path = 'C:/Program Files/Unity/Hub/Editor/2022.3.46f1/Editor/Data/MonoBleedingEdge/etc'
Using monoOptions --debugger-agent=transport=dt_socket,embedding=1,server=y,suspend=n,address=127.0.0.1:56280
Begin MonoManager ReloadAssembly
Registering precompiled unity dll's ...
Register platform support module: C:/Program Files/Unity/Hub/Editor/2022.3.46f1/Editor/Data/PlaybackEngines/WindowsStandaloneSupport/UnityEditor.WindowsStandalone.Extensions.dll
Registered in 0.029708 seconds.
- Loaded All Assemblies, in  2.154 seconds
Native extension for WindowsStandalone target not found
Mono: successfully reloaded assembly
- Finished resetting the current domain, in  2.045 seconds
Domain Reload Profiling: 4198ms
	BeginReloadAssembly (700ms)
		ExecutionOrderSort (0ms)
		DisableScriptedObjects (0ms)
		BackupInstance (0ms)
		ReleaseScriptingObjects (0ms)
		CreateAndSetChildDomain (2ms)
	RebuildCommonClasses (187ms)
	RebuildNativeTypeToScriptingClass (39ms)
	initialDomainReloadingComplete (343ms)
	LoadAllAssembliesAndSetupDomain (880ms)
		LoadAssemblies (696ms)
		RebuildTransferFunctionScriptingTraits (0ms)
		AnalyzeDomain (870ms)
			TypeCache.Refresh (859ms)
				TypeCache.ScanAssembly (752ms)
			ScanForSourceGeneratedMonoScriptInfo (2ms)
			ResolveRequiredComponents (4ms)
	FinalizeReload (2049ms)
		ReleaseScriptCaches (0ms)
		RebuildScriptCaches (0ms)
		SetupLoadedEditorAssemblies (1699ms)
			LogAssemblyErrors (0ms)
			InitializePlatformSupportModulesInManaged (69ms)
			SetLoadedEditorAssemblies (56ms)
			RefreshPlugins (0ms)
			BeforeProcessingInitializeOnLoad (11ms)
			ProcessInitializeOnLoadAttributes (1203ms)
			ProcessInitializeOnLoadMethodAttributes (359ms)
			AfterProcessingInitializeOnLoad (0ms)
			EditorAssembliesLoaded (1ms)
		ExecutionOrderSort2 (0ms)
		AwakeInstancesAfterBackupRestoration (0ms)
========================================================================
Worker process is ready to serve import requests
Caller must complete domain reload
Begin MonoManager ReloadAssembly
- Loaded All Assemblies, in  2.932 seconds
Native extension for WindowsStandalone target not found
Package Manager log level set to [2]
[Package Manager] Server::EnsureServerProcessIsRunning -- launch failed, reason: Unity was launched with the -noUpm command-line argument
[Package Manager] UpmClient::Send -- Unable to send message (not connected to UPM process).
[Package Manager] Cannot connect to Unity Package Manager local server
Mono: successfully reloaded assembly
- Finished resetting the current domain, in  3.443 seconds
Domain Reload Profiling: 6373ms
	BeginReloadAssembly (697ms)
		ExecutionOrderSort (0ms)
		DisableScriptedObjects (27ms)
		BackupInstance (0ms)
		ReleaseScriptingObjects (0ms)
		CreateAndSetChildDomain (118ms)
	RebuildCommonClasses (135ms)
	RebuildNativeTypeToScriptingClass (32ms)
	initialDomainReloadingComplete (200ms)
	LoadAllAssembliesAndSetupDomain (1863ms)
		LoadAssemblies (1424ms)
		RebuildTransferFunctionScriptingTraits (0ms)
		AnalyzeDomain (822ms)
			TypeCache.Refresh (685ms)
				TypeCache.ScanAssembly (622ms)
			ScanForSourceGeneratedMonoScriptInfo (83ms)
			ResolveRequiredComponents (44ms)
	FinalizeReload (3445ms)
		ReleaseScriptCaches (0ms)
		RebuildScriptCaches (0ms)
		SetupLoadedEditorAssemblies (2645ms)
			LogAssemblyErrors (0ms)
			InitializePlatformSupportModulesInManaged (34ms)
			SetLoadedEditorAssemblies (13ms)
			RefreshPlugins (0ms)
			BeforeProcessingInitializeOnLoad (278ms)
			ProcessInitializeOnLoadAttributes (2198ms)
			ProcessInitializeOnLoadMethodAttributes (110ms)
			AfterProcessingInitializeOnLoad (12ms)
			EditorAssembliesLoaded (1ms)
		ExecutionOrderSort2 (0ms)
		AwakeInstancesAfterBackupRestoration (30ms)
Launched and connected shader compiler UnityShaderCompiler.exe after 0.27 seconds
Refreshing native plugins compatible for Editor in 5.06 ms, found 3 plugins.
Preloading 0 native plugins for Editor in 0.00 ms.
Unloading 3266 Unused Serialized files (Serialized files now loaded: 0)
Unloading 21 unused Assets / (376.2 KB). Loaded Objects now: 3765.
Memory consumption went from 146.3 MB to 145.9 MB.
Total: 16.172900 ms (FindLiveObjects: 2.644700 ms CreateObjectMapping: 1.450100 ms MarkObjects: 10.563400 ms  DeleteObjects: 1.499700 ms)

AssetImportParameters requested are different than current active one (requested -> active):
  custom:container-demuxer-ogg: 62fdf1f143b41e24485cea50d1cbac27 -> 
  custom:scripting/monoscript/fileName/ExplosionPhysicsForce.cs: 43a2cbc4b7805ea1d00e9b25a4f23a5c -> 99c9bdd3f4711349ea008cc9307354fc
  custom:scripting/monoscript/fileName/SmokeParticles.cs: 965c7beea8e5e7b36429c7dbb4e8a73a -> ae0be802c38d22b76b13deaf32e6b2fa
  custom:video-decoder-ogg-theora: a1e56fd34408186e4bbccfd4996cb3dc -> 
  custom:framework-win-MediaFoundation: 216162199b28c13a410421893ffa2e32 -> 
  custom:scripting/monoscript/fileName/ExtinguishableParticleSystem.cs: 113f8d78b910435e98d9a70bff84f18b -> f8b7119b76e142217ea59caecee08c2d
  custom:CustomObjectIndexerAttribute: 9a22284fe3817be447336de3de66b15e -> 
  custom:container-demuxer-webm: 4f35f7cbe854078d1ac9338744f61a02 -> 
  custom:container-muxer-webm: aa71ff27fc2769a1b78a27578f13a17b -> 
  custom:scripting/monoscript/fileName/ParticleSystemMultiplier.cs: 73e258f149fc72ee6db83a0694cdf954 -> ee9356afc1edd7a7e964bbfaae218d2b
  custom:scripting/monoscript/fileName/Explosive.cs: e75769bd79cff06e2c2c727b5fa241ec -> 3828d6083bb1809dd6ceb0774cff30bf
  custom:video-decoder-webm-vp8: 9c59270c3fd7afecdb556c50c9e8de78 -> 
  custom:SearchIndexIgnoredProperties: e643bd26f0fe6173181afceb89e7c659 -> 
  custom:AudioImporter_EditorPlatform: d09bf68614088b80899f8185d706f6e7 -> 
  custom:scripting/monoscript/fileName/ExplosionFireAndDebris.cs: 50c491679126ebbea3deebc5c25381a4 -> 9c578ebda2ad3c3c3c6c44dce65093e0
  custom:scripting/monoscript/fileName/WaterHoseParticles.cs: c7c0c21d9ffe73d0996d1037b61400a2 -> 86c1b8c19be690fb9367e984ca7a0ab7
  custom:video-encoder-webm-vp8: eb34c28f22e8b96e1ab97ce403110664 -> 
  custom:audio-decoder-ogg-vorbis: bf7c407c2cedff20999df2af8eb42d56 -> 
  custom:scripting/monoscript/fileName/AfterburnerPhysicsForce.cs: 49a61f40a17b98cc369e513889adc4cf -> ea1d2e5ce75d184b47ac9cdb79411e01
  custom:scripting/monoscript/fileName/FireLight.cs: f7b54493553ff0cc1bcc16f06faa5bbd -> b4b66c362b883eb58d7e52f4922a19fc
  custom:audio-encoder-webm-vorbis: bf7c407c2cedff20999df2af8eb42d56 -> 
  custom:scripting/monoscript/fileName/Hose.cs: 41b4c7a6063e80327d0361f2c0ff9df8 -> 1d1751f4f603bc707cbfbd006a3e319e
========================================================================
Received Prepare
Caller must complete domain reload
Begin MonoManager ReloadAssembly
- Loaded All Assemblies, in  0.653 seconds
Native extension for WindowsStandalone target not found
[Package Manager] Server::EnsureServerProcessIsRunning -- launch failed, reason: Unity was launched with the -noUpm command-line argument
[Package Manager] UpmClient::Send -- Unable to send message (not connected to UPM process).
[Package Manager] Cannot connect to Unity Package Manager local server
Mono: successfully reloaded assembly
- Finished resetting the current domain, in  6.643 seconds
Domain Reload Profiling: 7295ms
	BeginReloadAssembly (196ms)
		ExecutionOrderSort (0ms)
		DisableScriptedObjects (4ms)
		BackupInstance (0ms)
		ReleaseScriptingObjects (0ms)
		CreateAndSetChildDomain (40ms)
	RebuildCommonClasses (62ms)
	RebuildNativeTypeToScriptingClass (22ms)
	initialDomainReloadingComplete (34ms)
	LoadAllAssembliesAndSetupDomain (336ms)
		LoadAssemblies (429ms)
		RebuildTransferFunctionScriptingTraits (0ms)
		AnalyzeDomain (26ms)
			TypeCache.Refresh (10ms)
				TypeCache.ScanAssembly (0ms)
			ScanForSourceGeneratedMonoScriptInfo (0ms)
			ResolveRequiredComponents (13ms)
	FinalizeReload (6645ms)
		ReleaseScriptCaches (0ms)
		RebuildScriptCaches (0ms)
		SetupLoadedEditorAssemblies (2148ms)
			LogAssemblyErrors (0ms)
			InitializePlatformSupportModulesInManaged (17ms)
			SetLoadedEditorAssemblies (12ms)
			RefreshPlugins (0ms)
			BeforeProcessingInitializeOnLoad (249ms)
			ProcessInitializeOnLoadAttributes (1725ms)
			ProcessInitializeOnLoadMethodAttributes (121ms)
			AfterProcessingInitializeOnLoad (22ms)
			EditorAssembliesLoaded (1ms)
		ExecutionOrderSort2 (0ms)
		AwakeInstancesAfterBackupRestoration (31ms)
Refreshing native plugins compatible for Editor in 43.29 ms, found 3 plugins.
Preloading 0 native plugins for Editor in 0.00 ms.
Unloading 3227 Unused Serialized files (Serialized files now loaded: 0)
Unloading 16 unused Assets / (348.6 KB). Loaded Objects now: 3768.
Memory consumption went from 137.9 MB to 137.6 MB.
Total: 19.947800 ms (FindLiveObjects: 2.540700 ms CreateObjectMapping: 0.485400 ms MarkObjects: 15.079600 ms  DeleteObjects: 1.824800 ms)

Prepare: number of updated asset objects reloaded= 0
AssetImportParameters requested are different than current active one (requested -> active):
  custom:container-demuxer-ogg: 62fdf1f143b41e24485cea50d1cbac27 -> 
  custom:scripting/monoscript/fileName/ExplosionPhysicsForce.cs: 43a2cbc4b7805ea1d00e9b25a4f23a5c -> 99c9bdd3f4711349ea008cc9307354fc
  custom:scripting/monoscript/fileName/SmokeParticles.cs: 965c7beea8e5e7b36429c7dbb4e8a73a -> ae0be802c38d22b76b13deaf32e6b2fa
  custom:video-decoder-ogg-theora: a1e56fd34408186e4bbccfd4996cb3dc -> 
  custom:framework-win-MediaFoundation: 216162199b28c13a410421893ffa2e32 -> 
  custom:scripting/monoscript/fileName/ExtinguishableParticleSystem.cs: 113f8d78b910435e98d9a70bff84f18b -> f8b7119b76e142217ea59caecee08c2d
  custom:CustomObjectIndexerAttribute: 9a22284fe3817be447336de3de66b15e -> 
  custom:container-demuxer-webm: 4f35f7cbe854078d1ac9338744f61a02 -> 
  custom:container-muxer-webm: aa71ff27fc2769a1b78a27578f13a17b -> 
  custom:scripting/monoscript/fileName/ParticleSystemMultiplier.cs: 73e258f149fc72ee6db83a0694cdf954 -> ee9356afc1edd7a7e964bbfaae218d2b
  custom:scripting/monoscript/fileName/Explosive.cs: e75769bd79cff06e2c2c727b5fa241ec -> 3828d6083bb1809dd6ceb0774cff30bf
  custom:video-decoder-webm-vp8: 9c59270c3fd7afecdb556c50c9e8de78 -> 
  custom:SearchIndexIgnoredProperties: e643bd26f0fe6173181afceb89e7c659 -> 
  custom:AudioImporter_EditorPlatform: d09bf68614088b80899f8185d706f6e7 -> 
  custom:scripting/monoscript/fileName/ExplosionFireAndDebris.cs: 50c491679126ebbea3deebc5c25381a4 -> 9c578ebda2ad3c3c3c6c44dce65093e0
  custom:scripting/monoscript/fileName/WaterHoseParticles.cs: c7c0c21d9ffe73d0996d1037b61400a2 -> 86c1b8c19be690fb9367e984ca7a0ab7
  custom:video-encoder-webm-vp8: eb34c28f22e8b96e1ab97ce403110664 -> 
  custom:audio-decoder-ogg-vorbis: bf7c407c2cedff20999df2af8eb42d56 -> 
  custom:scripting/monoscript/fileName/AfterburnerPhysicsForce.cs: 49a61f40a17b98cc369e513889adc4cf -> ea1d2e5ce75d184b47ac9cdb79411e01
  custom:scripting/monoscript/fileName/FireLight.cs: f7b54493553ff0cc1bcc16f06faa5bbd -> b4b66c362b883eb58d7e52f4922a19fc
  custom:audio-encoder-webm-vorbis: bf7c407c2cedff20999df2af8eb42d56 -> 
  custom:scripting/monoscript/fileName/Hose.cs: 41b4c7a6063e80327d0361f2c0ff9df8 -> 1d1751f4f603bc707cbfbd006a3e319e
========================================================================
Received Import Request.
  Time since last request: 9749.841168 seconds.
  path: Assets/Standard Assets/Standard Assets/ParticleSystems/Prefabs/FireComplex.prefab
  artifactKey: Guid(bf495eacf58e31146ab012aa89ac68da) Importer(815301076,1909f56bfc062723c751e8b465ee728b)
Start importing Assets/Standard Assets/Standard Assets/ParticleSystems/Prefabs/FireComplex.prefab using Guid(bf495eacf58e31146ab012aa89ac68da) Importer(815301076,1909f56bfc062723c751e8b465ee728b) [PhysX] Initialized MultithreadedTaskDispatcher with 12 workers.
 -> (artifact id: '5670afddf6a59579d6c123cd18a835ed') in 0.013466 seconds
Number of updated asset objects reloaded before import = 0
Number of asset objects unloaded after import = 0
========================================================================
Received Import Request.
  Time since last request: 0.000191 seconds.
  path: Assets/Standard Assets/Standard Assets/ParticleSystems/Prefabs/Afterburner.prefab
  artifactKey: Guid(d8c41be67f41aa545ae053b0b927f821) Importer(815301076,1909f56bfc062723c751e8b465ee728b)
Start importing Assets/Standard Assets/Standard Assets/ParticleSystems/Prefabs/Afterburner.prefab using Guid(d8c41be67f41aa545ae053b0b927f821) Importer(815301076,1909f56bfc062723c751e8b465ee728b) [PhysX] Initialized MultithreadedTaskDispatcher with 12 workers.
 -> (artifact id: 'f9150db13f349010bb9a20542947d4c4') in 0.006335 seconds
Number of updated asset objects reloaded before import = 0
Number of asset objects unloaded after import = 0
========================================================================
Received Import Request.
  Time since last request: 0.000669 seconds.
  path: Assets/Standard Assets/Standard Assets/ParticleSystems/Prefabs/HoseMobile.prefab
  artifactKey: Guid(4dbf077105ba797428d118320f2a10aa) Importer(815301076,1909f56bfc062723c751e8b465ee728b)
Start importing Assets/Standard Assets/Standard Assets/ParticleSystems/Prefabs/HoseMobile.prefab using Guid(4dbf077105ba797428d118320f2a10aa) Importer(815301076,1909f56bfc062723c751e8b465ee728b) [PhysX] Initialized MultithreadedTaskDispatcher with 12 workers.
 -> (artifact id: 'bc325565cd58500969f44d734280f15f') in 0.006706 seconds
Number of updated asset objects reloaded before import = 0
Number of asset objects unloaded after import = 0
========================================================================
Received Import Request.
  Time since last request: 0.000426 seconds.
  path: Assets/Standard Assets/Standard Assets/ParticleSystems/Prefabs/Hose.prefab
  artifactKey: Guid(fae5d333f43a55744ab0c44fecefdcae) Importer(815301076,1909f56bfc062723c751e8b465ee728b)
Start importing Assets/Standard Assets/Standard Assets/ParticleSystems/Prefabs/Hose.prefab using Guid(fae5d333f43a55744ab0c44fecefdcae) Importer(815301076,1909f56bfc062723c751e8b465ee728b) [PhysX] Initialized MultithreadedTaskDispatcher with 12 workers.
 -> (artifact id: '5b9bf4ed2f5ff6a649dbe43363f652af') in 0.006038 seconds
Number of updated asset objects reloaded before import = 0
Number of asset objects unloaded after import = 0
========================================================================
Received Prepare
Caller must complete domain reload
Begin MonoManager ReloadAssembly
- Loaded All Assemblies, in  0.539 seconds
Native extension for WindowsStandalone target not found
[Package Manager] Server::EnsureServerProcessIsRunning -- launch failed, reason: Unity was launched with the -noUpm command-line argument
[Package Manager] UpmClient::Send -- Unable to send message (not connected to UPM process).
[Package Manager] Cannot connect to Unity Package Manager local server
Mono: successfully reloaded assembly
- Finished resetting the current domain, in  5.552 seconds
Domain Reload Profiling: 6089ms
	BeginReloadAssembly (162ms)
		ExecutionOrderSort (0ms)
		DisableScriptedObjects (5ms)
		BackupInstance (0ms)
		ReleaseScriptingObjects (0ms)
		CreateAndSetChildDomain (35ms)
	RebuildCommonClasses (31ms)
	RebuildNativeTypeToScriptingClass (10ms)
	initialDomainReloadingComplete (37ms)
	LoadAllAssembliesAndSetupDomain (295ms)
		LoadAssemblies (363ms)
		RebuildTransferFunctionScriptingTraits (0ms)
		AnalyzeDomain (22ms)
			TypeCache.Refresh (9ms)
				TypeCache.ScanAssembly (0ms)
			ScanForSourceGeneratedMonoScriptInfo (0ms)
			ResolveRequiredComponents (11ms)
	FinalizeReload (5554ms)
		ReleaseScriptCaches (0ms)
		RebuildScriptCaches (0ms)
		SetupLoadedEditorAssemblies (2089ms)
			LogAssemblyErrors (0ms)
			InitializePlatformSupportModulesInManaged (26ms)
			SetLoadedEditorAssemblies (19ms)
			RefreshPlugins (0ms)
			BeforeProcessingInitializeOnLoad (229ms)
			ProcessInitializeOnLoadAttributes (1675ms)
			ProcessInitializeOnLoadMethodAttributes (113ms)
			AfterProcessingInitializeOnLoad (26ms)
			EditorAssembliesLoaded (1ms)
		ExecutionOrderSort2 (0ms)
		AwakeInstancesAfterBackupRestoration (35ms)
Refreshing native plugins compatible for Editor in 20.98 ms, found 3 plugins.
Preloading 0 native plugins for Editor in 0.00 ms.
Unloading 3226 Unused Serialized files (Serialized files now loaded: 0)
Unloading 16 unused Assets / (381.1 KB). Loaded Objects now: 3771.
Memory consumption went from 137.7 MB to 137.3 MB.
Total: 33.643300 ms (FindLiveObjects: 2.894700 ms CreateObjectMapping: 3.447600 ms MarkObjects: 26.000400 ms  DeleteObjects: 1.295000 ms)

Prepare: number of updated asset objects reloaded= 0
AssetImportParameters requested are different than current active one (requested -> active):
  custom:container-demuxer-ogg: 62fdf1f143b41e24485cea50d1cbac27 -> 
  custom:scripting/monoscript/fileName/ExplosionPhysicsForce.cs: 43a2cbc4b7805ea1d00e9b25a4f23a5c -> 99c9bdd3f4711349ea008cc9307354fc
  custom:scripting/monoscript/fileName/SmokeParticles.cs: 965c7beea8e5e7b36429c7dbb4e8a73a -> ae0be802c38d22b76b13deaf32e6b2fa
  custom:video-decoder-ogg-theora: a1e56fd34408186e4bbccfd4996cb3dc -> 
  custom:framework-win-MediaFoundation: 216162199b28c13a410421893ffa2e32 -> 
  custom:scripting/monoscript/fileName/ExtinguishableParticleSystem.cs: 113f8d78b910435e98d9a70bff84f18b -> f8b7119b76e142217ea59caecee08c2d
  custom:CustomObjectIndexerAttribute: 9a22284fe3817be447336de3de66b15e -> 
  custom:container-demuxer-webm: 4f35f7cbe854078d1ac9338744f61a02 -> 
  custom:container-muxer-webm: aa71ff27fc2769a1b78a27578f13a17b -> 
  custom:scripting/monoscript/fileName/ParticleSystemMultiplier.cs: 73e258f149fc72ee6db83a0694cdf954 -> ee9356afc1edd7a7e964bbfaae218d2b
  custom:scripting/monoscript/fileName/Explosive.cs: e75769bd79cff06e2c2c727b5fa241ec -> 3828d6083bb1809dd6ceb0774cff30bf
  custom:video-decoder-webm-vp8: 9c59270c3fd7afecdb556c50c9e8de78 -> 
  custom:SearchIndexIgnoredProperties: e643bd26f0fe6173181afceb89e7c659 -> 
  custom:AudioImporter_EditorPlatform: d09bf68614088b80899f8185d706f6e7 -> 
  custom:scripting/monoscript/fileName/ExplosionFireAndDebris.cs: 50c491679126ebbea3deebc5c25381a4 -> 9c578ebda2ad3c3c3c6c44dce65093e0
  custom:scripting/monoscript/fileName/WaterHoseParticles.cs: c7c0c21d9ffe73d0996d1037b61400a2 -> 86c1b8c19be690fb9367e984ca7a0ab7
  custom:video-encoder-webm-vp8: eb34c28f22e8b96e1ab97ce403110664 -> 
  custom:audio-decoder-ogg-vorbis: bf7c407c2cedff20999df2af8eb42d56 -> 
  custom:scripting/monoscript/fileName/AfterburnerPhysicsForce.cs: 49a61f40a17b98cc369e513889adc4cf -> ea1d2e5ce75d184b47ac9cdb79411e01
  custom:scripting/monoscript/fileName/FireLight.cs: f7b54493553ff0cc1bcc16f06faa5bbd -> b4b66c362b883eb58d7e52f4922a19fc
  custom:audio-encoder-webm-vorbis: bf7c407c2cedff20999df2af8eb42d56 -> 
  custom:scripting/monoscript/fileName/Hose.cs: 41b4c7a6063e80327d0361f2c0ff9df8 -> 1d1751f4f603bc707cbfbd006a3e319e
========================================================================
Received Import Request.
  Time since last request: 150.327056 seconds.
  path: Assets/Standard Assets/Standard Assets/ParticleSystems/Prefabs/FireComplex.prefab
  artifactKey: Guid(bf495eacf58e31146ab012aa89ac68da) Importer(815301076,1909f56bfc062723c751e8b465ee728b)
Start importing Assets/Standard Assets/Standard Assets/ParticleSystems/Prefabs/FireComplex.prefab using Guid(bf495eacf58e31146ab012aa89ac68da) Importer(815301076,1909f56bfc062723c751e8b465ee728b) [PhysX] Initialized MultithreadedTaskDispatcher with 12 workers.
 -> (artifact id: '5670afddf6a59579d6c123cd18a835ed') in 0.027372 seconds
Number of updated asset objects reloaded before import = 0
Number of asset objects unloaded after import = 0
========================================================================
Received Import Request.
  Time since last request: 0.000274 seconds.
  path: Assets/Standard Assets/Standard Assets/ParticleSystems/Prefabs/Smoke.prefab
  artifactKey: Guid(921a3ff88856fe04ebc86b196fd8cc59) Importer(815301076,1909f56bfc062723c751e8b465ee728b)
Start importing Assets/Standard Assets/Standard Assets/ParticleSystems/Prefabs/Smoke.prefab using Guid(921a3ff88856fe04ebc86b196fd8cc59) Importer(815301076,1909f56bfc062723c751e8b465ee728b) [PhysX] Initialized MultithreadedTaskDispatcher with 12 workers.
 -> (artifact id: '17f30a3599ec019d94d0fb87273cf5b2') in 0.003924 seconds
Number of updated asset objects reloaded before import = 0
Number of asset objects unloaded after import = 0
========================================================================
Received Import Request.
  Time since last request: 0.000558 seconds.
  path: Assets/Standard Assets/Standard Assets/ParticleSystems/Prefabs/Afterburner.prefab
  artifactKey: Guid(d8c41be67f41aa545ae053b0b927f821) Importer(815301076,1909f56bfc062723c751e8b465ee728b)
Start importing Assets/Standard Assets/Standard Assets/ParticleSystems/Prefabs/Afterburner.prefab using Guid(d8c41be67f41aa545ae053b0b927f821) Importer(815301076,1909f56bfc062723c751e8b465ee728b) [PhysX] Initialized MultithreadedTaskDispatcher with 12 workers.
 -> (artifact id: 'f9150db13f349010bb9a20542947d4c4') in 0.006288 seconds
Number of updated asset objects reloaded before import = 0
Number of asset objects unloaded after import = 0
========================================================================
Received Import Request.
  Time since last request: 0.000156 seconds.
  path: Assets/Standard Assets/Standard Assets/ParticleSystems/Prefabs/HoseMobile.prefab
  artifactKey: Guid(4dbf077105ba797428d118320f2a10aa) Importer(815301076,1909f56bfc062723c751e8b465ee728b)
Start importing Assets/Standard Assets/Standard Assets/ParticleSystems/Prefabs/HoseMobile.prefab using Guid(4dbf077105ba797428d118320f2a10aa) Importer(815301076,1909f56bfc062723c751e8b465ee728b) [PhysX] Initialized MultithreadedTaskDispatcher with 12 workers.
 -> (artifact id: 'bc325565cd58500969f44d734280f15f') in 0.007109 seconds
Number of updated asset objects reloaded before import = 0
Number of asset objects unloaded after import = 0
========================================================================
Received Import Request.
  Time since last request: 0.000253 seconds.
  path: Assets/Standard Assets/Standard Assets/ParticleSystems/Prefabs/FireMobile.prefab
  artifactKey: Guid(b99a0a5998b2736429fd2a2fd1d01c5e) Importer(815301076,1909f56bfc062723c751e8b465ee728b)
Start importing Assets/Standard Assets/Standard Assets/ParticleSystems/Prefabs/FireMobile.prefab using Guid(b99a0a5998b2736429fd2a2fd1d01c5e) Importer(815301076,1909f56bfc062723c751e8b465ee728b) [PhysX] Initialized MultithreadedTaskDispatcher with 12 workers.
 -> (artifact id: 'c25f7a08ee4cc7c28ba17b7f0bd9b9fc') in 0.005771 seconds
Number of updated asset objects reloaded before import = 0
Number of asset objects unloaded after import = 0
========================================================================
Received Import Request.
  Time since last request: 0.000140 seconds.
  path: Assets/Standard Assets/Standard Assets/ParticleSystems/Prefabs/SteamMobile.prefab
  artifactKey: Guid(b6fecef6c92b67147b638a07ef91195b) Importer(815301076,1909f56bfc062723c751e8b465ee728b)
Start importing Assets/Standard Assets/Standard Assets/ParticleSystems/Prefabs/SteamMobile.prefab using Guid(b6fecef6c92b67147b638a07ef91195b) Importer(815301076,1909f56bfc062723c751e8b465ee728b) [PhysX] Initialized MultithreadedTaskDispatcher with 12 workers.
 -> (artifact id: '7c2c3fe92b45fdd43a707480c731fd4d') in 0.001786 seconds
Number of updated asset objects reloaded before import = 0
Number of asset objects unloaded after import = 0
========================================================================
Received Prepare
Caller must complete domain reload
Begin MonoManager ReloadAssembly
- Loaded All Assemblies, in  0.546 seconds
Native extension for WindowsStandalone target not found
[Package Manager] Server::EnsureServerProcessIsRunning -- launch failed, reason: Unity was launched with the -noUpm command-line argument
[Package Manager] UpmClient::Send -- Unable to send message (not connected to UPM process).
[Package Manager] Cannot connect to Unity Package Manager local server
Mono: successfully reloaded assembly
- Finished resetting the current domain, in  2.733 seconds
Domain Reload Profiling: 3279ms
	BeginReloadAssembly (169ms)
		ExecutionOrderSort (0ms)
		DisableScriptedObjects (6ms)
		BackupInstance (0ms)
		ReleaseScriptingObjects (0ms)
		CreateAndSetChildDomain (38ms)
	RebuildCommonClasses (42ms)
	RebuildNativeTypeToScriptingClass (17ms)
	initialDomainReloadingComplete (38ms)
	LoadAllAssembliesAndSetupDomain (278ms)
		LoadAssemblies (348ms)
		RebuildTransferFunctionScriptingTraits (0ms)
		AnalyzeDomain (22ms)
			TypeCache.Refresh (9ms)
				TypeCache.ScanAssembly (0ms)
			ScanForSourceGeneratedMonoScriptInfo (0ms)
			ResolveRequiredComponents (11ms)
	FinalizeReload (2735ms)
		ReleaseScriptCaches (0ms)
		RebuildScriptCaches (0ms)
		SetupLoadedEditorAssemblies (2002ms)
			LogAssemblyErrors (0ms)
			InitializePlatformSupportModulesInManaged (23ms)
			SetLoadedEditorAssemblies (20ms)
			RefreshPlugins (0ms)
			BeforeProcessingInitializeOnLoad (250ms)
			ProcessInitializeOnLoadAttributes (1569ms)
			ProcessInitializeOnLoadMethodAttributes (120ms)
			AfterProcessingInitializeOnLoad (18ms)
			EditorAssembliesLoaded (2ms)
		ExecutionOrderSort2 (0ms)
		AwakeInstancesAfterBackupRestoration (31ms)
Refreshing native plugins compatible for Editor in 10.32 ms, found 3 plugins.
Preloading 0 native plugins for Editor in 0.00 ms.
Unloading 3226 Unused Serialized files (Serialized files now loaded: 0)
Unloading 16 unused Assets / (348.8 KB). Loaded Objects now: 3774.
Memory consumption went from 137.7 MB to 137.3 MB.
Total: 22.327100 ms (FindLiveObjects: 1.054200 ms CreateObjectMapping: 0.888600 ms MarkObjects: 19.246200 ms  DeleteObjects: 1.129800 ms)

Prepare: number of updated asset objects reloaded= 0
AssetImportParameters requested are different than current active one (requested -> active):
  custom:container-demuxer-ogg: 62fdf1f143b41e24485cea50d1cbac27 -> 
  custom:scripting/monoscript/fileName/ExplosionPhysicsForce.cs: 43a2cbc4b7805ea1d00e9b25a4f23a5c -> 99c9bdd3f4711349ea008cc9307354fc
  custom:scripting/monoscript/fileName/SmokeParticles.cs: 965c7beea8e5e7b36429c7dbb4e8a73a -> ae0be802c38d22b76b13deaf32e6b2fa
  custom:video-decoder-ogg-theora: a1e56fd34408186e4bbccfd4996cb3dc -> 
  custom:framework-win-MediaFoundation: 216162199b28c13a410421893ffa2e32 -> 
  custom:scripting/monoscript/fileName/ExtinguishableParticleSystem.cs: 113f8d78b910435e98d9a70bff84f18b -> f8b7119b76e142217ea59caecee08c2d
  custom:CustomObjectIndexerAttribute: 9a22284fe3817be447336de3de66b15e -> 
  custom:container-demuxer-webm: 4f35f7cbe854078d1ac9338744f61a02 -> 
  custom:container-muxer-webm: aa71ff27fc2769a1b78a27578f13a17b -> 
  custom:scripting/monoscript/fileName/ParticleSystemMultiplier.cs: 73e258f149fc72ee6db83a0694cdf954 -> ee9356afc1edd7a7e964bbfaae218d2b
  custom:scripting/monoscript/fileName/Explosive.cs: e75769bd79cff06e2c2c727b5fa241ec -> 3828d6083bb1809dd6ceb0774cff30bf
  custom:video-decoder-webm-vp8: 9c59270c3fd7afecdb556c50c9e8de78 -> 
  custom:SearchIndexIgnoredProperties: e643bd26f0fe6173181afceb89e7c659 -> 
  custom:AudioImporter_EditorPlatform: d09bf68614088b80899f8185d706f6e7 -> 
  custom:scripting/monoscript/fileName/ExplosionFireAndDebris.cs: 50c491679126ebbea3deebc5c25381a4 -> 9c578ebda2ad3c3c3c6c44dce65093e0
  custom:scripting/monoscript/fileName/WaterHoseParticles.cs: c7c0c21d9ffe73d0996d1037b61400a2 -> 86c1b8c19be690fb9367e984ca7a0ab7
  custom:video-encoder-webm-vp8: eb34c28f22e8b96e1ab97ce403110664 -> 
  custom:audio-decoder-ogg-vorbis: bf7c407c2cedff20999df2af8eb42d56 -> 
  custom:scripting/monoscript/fileName/AfterburnerPhysicsForce.cs: 49a61f40a17b98cc369e513889adc4cf -> ea1d2e5ce75d184b47ac9cdb79411e01
  custom:scripting/monoscript/fileName/FireLight.cs: f7b54493553ff0cc1bcc16f06faa5bbd -> b4b66c362b883eb58d7e52f4922a19fc
  custom:audio-encoder-webm-vorbis: bf7c407c2cedff20999df2af8eb42d56 -> 
  custom:scripting/monoscript/fileName/Hose.cs: 41b4c7a6063e80327d0361f2c0ff9df8 -> 1d1751f4f603bc707cbfbd006a3e319e
========================================================================
Received Import Request.
  Time since last request: 155.571496 seconds.
  path: Assets/Standard Assets/Standard Assets/ParticleSystems/Prefabs/FireComplex.prefab
  artifactKey: Guid(bf495eacf58e31146ab012aa89ac68da) Importer(815301076,1909f56bfc062723c751e8b465ee728b)
Start importing Assets/Standard Assets/Standard Assets/ParticleSystems/Prefabs/FireComplex.prefab using Guid(bf495eacf58e31146ab012aa89ac68da) Importer(815301076,1909f56bfc062723c751e8b465ee728b) [PhysX] Initialized MultithreadedTaskDispatcher with 12 workers.
 -> (artifact id: '5670afddf6a59579d6c123cd18a835ed') in 0.006321 seconds
Number of updated asset objects reloaded before import = 0
Number of asset objects unloaded after import = 0
========================================================================
Received Import Request.
  Time since last request: 0.000132 seconds.
  path: Assets/Standard Assets/Standard Assets/ParticleSystems/Prefabs/Smoke.prefab
  artifactKey: Guid(921a3ff88856fe04ebc86b196fd8cc59) Importer(815301076,1909f56bfc062723c751e8b465ee728b)
Start importing Assets/Standard Assets/Standard Assets/ParticleSystems/Prefabs/Smoke.prefab using Guid(921a3ff88856fe04ebc86b196fd8cc59) Importer(815301076,1909f56bfc062723c751e8b465ee728b) [PhysX] Initialized MultithreadedTaskDispatcher with 12 workers.
 -> (artifact id: '17f30a3599ec019d94d0fb87273cf5b2') in 0.002503 seconds
Number of updated asset objects reloaded before import = 0
Number of asset objects unloaded after import = 0
========================================================================
Received Import Request.
  Time since last request: 0.000094 seconds.
  path: Assets/Standard Assets/Standard Assets/ParticleSystems/Prefabs/Afterburner.prefab
  artifactKey: Guid(d8c41be67f41aa545ae053b0b927f821) Importer(815301076,1909f56bfc062723c751e8b465ee728b)
Start importing Assets/Standard Assets/Standard Assets/ParticleSystems/Prefabs/Afterburner.prefab using Guid(d8c41be67f41aa545ae053b0b927f821) Importer(815301076,1909f56bfc062723c751e8b465ee728b) [PhysX] Initialized MultithreadedTaskDispatcher with 12 workers.
 -> (artifact id: 'f9150db13f349010bb9a20542947d4c4') in 0.005638 seconds
Number of updated asset objects reloaded before import = 0
Number of asset objects unloaded after import = 0
========================================================================
Received Import Request.
  Time since last request: 0.000413 seconds.
  path: Assets/Standard Assets/Standard Assets/ParticleSystems/Prefabs/WildFire.prefab
  artifactKey: Guid(2c32987c2bc01844a94adfb917dd677d) Importer(815301076,1909f56bfc062723c751e8b465ee728b)
Start importing Assets/Standard Assets/Standard Assets/ParticleSystems/Prefabs/WildFire.prefab using Guid(2c32987c2bc01844a94adfb917dd677d) Importer(815301076,1909f56bfc062723c751e8b465ee728b) [PhysX] Initialized MultithreadedTaskDispatcher with 12 workers.
 -> (artifact id: 'ce4c25a3b7bd9ac25289a957705bd543') in 0.002734 seconds
Number of updated asset objects reloaded before import = 0
Number of asset objects unloaded after import = 0
========================================================================
Received Import Request.
  Time since last request: 0.000091 seconds.
  path: Assets/Standard Assets/Standard Assets/ParticleSystems/Prefabs/HoseMobile.prefab
  artifactKey: Guid(4dbf077105ba797428d118320f2a10aa) Importer(815301076,1909f56bfc062723c751e8b465ee728b)
Start importing Assets/Standard Assets/Standard Assets/ParticleSystems/Prefabs/HoseMobile.prefab using Guid(4dbf077105ba797428d118320f2a10aa) Importer(815301076,1909f56bfc062723c751e8b465ee728b) [PhysX] Initialized MultithreadedTaskDispatcher with 12 workers.
 -> (artifact id: 'bc325565cd58500969f44d734280f15f') in 0.007713 seconds
Number of updated asset objects reloaded before import = 0
Number of asset objects unloaded after import = 0
========================================================================
Received Import Request.
  Time since last request: 0.000475 seconds.
  path: Assets/Standard Assets/Standard Assets/ParticleSystems/Prefabs/FireMobile.prefab
  artifactKey: Guid(b99a0a5998b2736429fd2a2fd1d01c5e) Importer(815301076,1909f56bfc062723c751e8b465ee728b)
Start importing Assets/Standard Assets/Standard Assets/ParticleSystems/Prefabs/FireMobile.prefab using Guid(b99a0a5998b2736429fd2a2fd1d01c5e) Importer(815301076,1909f56bfc062723c751e8b465ee728b) [PhysX] Initialized MultithreadedTaskDispatcher with 12 workers.
 -> (artifact id: 'c25f7a08ee4cc7c28ba17b7f0bd9b9fc') in 0.002607 seconds
Number of updated asset objects reloaded before import = 0
Number of asset objects unloaded after import = 0
========================================================================
Received Import Request.
  Time since last request: 0.000227 seconds.
  path: Assets/Standard Assets/Standard Assets/ParticleSystems/Prefabs/Hose.prefab
  artifactKey: Guid(fae5d333f43a55744ab0c44fecefdcae) Importer(815301076,1909f56bfc062723c751e8b465ee728b)
Start importing Assets/Standard Assets/Standard Assets/ParticleSystems/Prefabs/Hose.prefab using Guid(fae5d333f43a55744ab0c44fecefdcae) Importer(815301076,1909f56bfc062723c751e8b465ee728b) [PhysX] Initialized MultithreadedTaskDispatcher with 12 workers.
 -> (artifact id: '5b9bf4ed2f5ff6a649dbe43363f652af') in 0.000946 seconds
Number of updated asset objects reloaded before import = 0
Number of asset objects unloaded after import = 0
========================================================================
Received Import Request.
  Time since last request: 0.000277 seconds.
  path: Assets/Standard Assets/Standard Assets/ParticleSystems/Prefabs/SteamMobile.prefab
  artifactKey: Guid(b6fecef6c92b67147b638a07ef91195b) Importer(815301076,1909f56bfc062723c751e8b465ee728b)
Start importing Assets/Standard Assets/Standard Assets/ParticleSystems/Prefabs/SteamMobile.prefab using Guid(b6fecef6c92b67147b638a07ef91195b) Importer(815301076,1909f56bfc062723c751e8b465ee728b) [PhysX] Initialized MultithreadedTaskDispatcher with 12 workers.
 -> (artifact id: '7c2c3fe92b45fdd43a707480c731fd4d') in 0.001162 seconds
Number of updated asset objects reloaded before import = 0
Number of asset objects unloaded after import = 0
========================================================================
Received Prepare
Caller must complete domain reload
Begin MonoManager ReloadAssembly
- Loaded All Assemblies, in  0.474 seconds
Native extension for WindowsStandalone target not found
[Package Manager] Server::EnsureServerProcessIsRunning -- launch failed, reason: Unity was launched with the -noUpm command-line argument
[Package Manager] UpmClient::Send -- Unable to send message (not connected to UPM process).
[Package Manager] Cannot connect to Unity Package Manager local server
Mono: successfully reloaded assembly
- Finished resetting the current domain, in  2.659 seconds
Domain Reload Profiling: 3134ms
	BeginReloadAssembly (146ms)
		ExecutionOrderSort (0ms)
		DisableScriptedObjects (3ms)
		BackupInstance (0ms)
		ReleaseScriptingObjects (0ms)
		CreateAndSetChildDomain (30ms)
	RebuildCommonClasses (37ms)
	RebuildNativeTypeToScriptingClass (8ms)
	initialDomainReloadingComplete (26ms)
	LoadAllAssembliesAndSetupDomain (256ms)
		LoadAssemblies (311ms)
		RebuildTransferFunctionScriptingTraits (0ms)
		AnalyzeDomain (26ms)
			TypeCache.Refresh (9ms)
				TypeCache.ScanAssembly (0ms)
			ScanForSourceGeneratedMonoScriptInfo (0ms)
			ResolveRequiredComponents (14ms)
	FinalizeReload (2661ms)
		ReleaseScriptCaches (0ms)
		RebuildScriptCaches (0ms)
		SetupLoadedEditorAssemblies (1876ms)
			LogAssemblyErrors (0ms)
			InitializePlatformSupportModulesInManaged (16ms)
			SetLoadedEditorAssemblies (14ms)
			RefreshPlugins (0ms)
			BeforeProcessingInitializeOnLoad (149ms)
			ProcessInitializeOnLoadAttributes (1565ms)
			ProcessInitializeOnLoadMethodAttributes (110ms)
			AfterProcessingInitializeOnLoad (22ms)
			EditorAssembliesLoaded (0ms)
		ExecutionOrderSort2 (0ms)
		AwakeInstancesAfterBackupRestoration (31ms)
Refreshing native plugins compatible for Editor in 12.74 ms, found 3 plugins.
Preloading 0 native plugins for Editor in 0.00 ms.
Unloading 3226 Unused Serialized files (Serialized files now loaded: 0)
Unloading 16 unused Assets / (357.0 KB). Loaded Objects now: 3777.
Memory consumption went from 137.7 MB to 137.3 MB.
Total: 33.468600 ms (FindLiveObjects: 1.471800 ms CreateObjectMapping: 1.775200 ms MarkObjects: 27.848700 ms  DeleteObjects: 2.362400 ms)

Prepare: number of updated asset objects reloaded= 0
AssetImportParameters requested are different than current active one (requested -> active):
  custom:container-demuxer-ogg: 62fdf1f143b41e24485cea50d1cbac27 -> 
  custom:scripting/monoscript/fileName/ExplosionPhysicsForce.cs: 43a2cbc4b7805ea1d00e9b25a4f23a5c -> 99c9bdd3f4711349ea008cc9307354fc
  custom:scripting/monoscript/fileName/SmokeParticles.cs: 965c7beea8e5e7b36429c7dbb4e8a73a -> ae0be802c38d22b76b13deaf32e6b2fa
  custom:video-decoder-ogg-theora: a1e56fd34408186e4bbccfd4996cb3dc -> 
  custom:framework-win-MediaFoundation: 216162199b28c13a410421893ffa2e32 -> 
  custom:scripting/monoscript/fileName/ExtinguishableParticleSystem.cs: 113f8d78b910435e98d9a70bff84f18b -> f8b7119b76e142217ea59caecee08c2d
  custom:CustomObjectIndexerAttribute: 9a22284fe3817be447336de3de66b15e -> 
  custom:container-demuxer-webm: 4f35f7cbe854078d1ac9338744f61a02 -> 
  custom:container-muxer-webm: aa71ff27fc2769a1b78a27578f13a17b -> 
  custom:scripting/monoscript/fileName/ParticleSystemMultiplier.cs: 73e258f149fc72ee6db83a0694cdf954 -> ee9356afc1edd7a7e964bbfaae218d2b
  custom:scripting/monoscript/fileName/Explosive.cs: e75769bd79cff06e2c2c727b5fa241ec -> 3828d6083bb1809dd6ceb0774cff30bf
  custom:video-decoder-webm-vp8: 9c59270c3fd7afecdb556c50c9e8de78 -> 
  custom:SearchIndexIgnoredProperties: e643bd26f0fe6173181afceb89e7c659 -> 
  custom:AudioImporter_EditorPlatform: d09bf68614088b80899f8185d706f6e7 -> 
  custom:scripting/monoscript/fileName/ExplosionFireAndDebris.cs: 50c491679126ebbea3deebc5c25381a4 -> 9c578ebda2ad3c3c3c6c44dce65093e0
  custom:scripting/monoscript/fileName/WaterHoseParticles.cs: c7c0c21d9ffe73d0996d1037b61400a2 -> 86c1b8c19be690fb9367e984ca7a0ab7
  custom:video-encoder-webm-vp8: eb34c28f22e8b96e1ab97ce403110664 -> 
  custom:audio-decoder-ogg-vorbis: bf7c407c2cedff20999df2af8eb42d56 -> 
  custom:scripting/monoscript/fileName/AfterburnerPhysicsForce.cs: 49a61f40a17b98cc369e513889adc4cf -> ea1d2e5ce75d184b47ac9cdb79411e01
  custom:scripting/monoscript/fileName/FireLight.cs: f7b54493553ff0cc1bcc16f06faa5bbd -> b4b66c362b883eb58d7e52f4922a19fc
  custom:audio-encoder-webm-vorbis: bf7c407c2cedff20999df2af8eb42d56 -> 
  custom:scripting/monoscript/fileName/Hose.cs: 41b4c7a6063e80327d0361f2c0ff9df8 -> 1d1751f4f603bc707cbfbd006a3e319e
Editor requested this worker to shutdown with reason: Scaling down because of idle timeout
TcpMessagingSession - receive error: operation aborted. errorcode: 995, details: The I/O operation has been aborted because of either a thread exit or an application request.
AssetImportWorker is now disconnected from the server
Process exiting
Exiting without the bug reporter. Application will terminate with return code 0